2015-06-18  INFO [main] (LuceneScorer.java:110) - tweeturl:Aki is a black cat neko youkai  Aki also Hime s pet and partner youkai  Hime sFact
2015-06-18  INFO [main] (LuceneScorer.java:110) - tweetcountid:7707
2015-06-18  INFO [main] (LuceneScorer.java:110) - tweeturl:RT  AuroraJewellers  Everyone is loving our best selling Atlas Piece                The  24 99 June sale ends TODAY   Shop  http   t co BVFBtRUWOR       
2015-06-18  INFO [main] (LuceneScorer.java:110) - tweetcountid:7708
2015-06-18  INFO [main] (LuceneScorer.java:110) - tweeturl:Dont think just RT http   t co vi2PsAF6mY
2015-06-18  INFO [main] (LuceneScorer.java:110) - tweetcountid:7709
2015-06-18  INFO [main] (LuceneScorer.java:110) - tweeturl:Neptune cop had threatened wife with gun before  divorce papers say http   t co zORVHe5Opk
2015-06-18  INFO [main] (LuceneScorer.java:110) - tweetcountid:7710
2015-06-18  INFO [main] (LuceneScorer.java:110) - tweeturl: marcratu  xZKingBealZx marc has to get it too
2015-06-18  INFO [main] (LuceneScorer.java:110) - tweetcountid:7711
2015-06-18  INFO [main] (LuceneScorer.java:110) - tweeturl:RT  ThePuppyEsther  Retweet for a follow       JustinForMMVA
2015-06-18  INFO [main] (LuceneScorer.java:110) - tweetcountid:7712
2015-06-18  INFO [main] (LuceneScorer.java:110) - tweeturl:RT  GatsbyLow  LOOK AT HOW HAPPY LINK IS http   t co vmzegztvCb
2015-06-18  INFO [main] (LuceneScorer.java:110) - tweetcountid:7713
2015-06-18  INFO [main] (LuceneScorer.java:110) - tweeturl:Can t stop listening to this lol  https   t co 18Lm6ggvtx
2015-06-18  INFO [main] (LuceneScorer.java:110) - tweetcountid:7714
2015-06-18  INFO [main] (LuceneScorer.java:110) - tweeturl:RT  ChessTitans254    MrDcity  Ngilu Singh  we told you to go slow BUT you never listened  If the judiciary is not compromised you might be 
2015-06-18  INFO [main] (LuceneScorer.java:110) - tweetcountid:7715
2015-06-18  INFO [main] (LuceneScorer.java:110) - tweeturl:Bought  EURUSD 1 13509   Auto copy  trade FREE with  Forex at http   t co 4Xd5BzwVfP  Finance  Money  news  fx  ff  rt
2015-06-18  INFO [main] (LuceneScorer.java:110) - tweetcountid:7716
2015-06-18  INFO [main] (LuceneScorer.java:110) - tweeturl:RT  RockersDive   NowPlaying  bedrokkv8   Bedrokk   Can t Hold Back http   t co mUYWttEdl6
2015-06-18  INFO [main] (LuceneScorer.java:110) - tweetcountid:7717
2015-06-18  INFO [main] (LuceneScorer.java:110) - tweeturl:Who is luhan 
2015-06-18  INFO [main] (LuceneScorer.java:110) - tweetcountid:7718
2015-06-18  INFO [main] (LuceneScorer.java:110) - tweeturl:RT  comiXology  Alex   Ada ends its brief   wondrous run today w  issue  15  http   t co JlHVUZKyBn http   t co CFM7bVOZMK
2015-06-18  INFO [main] (LuceneScorer.java:110) - tweetcountid:7719
2015-06-18  INFO [main] (LuceneScorer.java:110) - tweeturl: Noor Unnahar Kudos for red lipstick    D
2015-06-18  INFO [main] (LuceneScorer.java:110) - tweetcountid:7720
2015-06-18  INFO [main] (LuceneScorer.java:110) - tweeturl: Truman Black pretty much all of america
2015-06-18  INFO [main] (LuceneScorer.java:110) - tweetcountid:7721
2015-06-18  INFO [main] (LuceneScorer.java:110) - tweeturl:RT  ldreytumblr  All the moans from  The Endless Summer Tour  http   t co mGwrkB6vtu
2015-06-18  INFO [main] (LuceneScorer.java:110) - tweetcountid:7722
2015-06-18  INFO [main] (LuceneScorer.java:110) - tweeturl:A girl can dream http   t co oOBomq1rkl
2015-06-18  INFO [main] (LuceneScorer.java:110) - tweetcountid:7723
2015-06-18  INFO [main] (LuceneScorer.java:110) - tweeturl:buying new clothes   make up boosts my mood so much
2015-06-18  INFO [main] (LuceneScorer.java:110) - tweetcountid:7724
2015-06-18  INFO [main] (LuceneScorer.java:110) - tweeturl: hope quen thank u ate for making my mom  nephew  experienced the BS   she s so happy http   t co NeJkeTp65l
2015-06-18  INFO [main] (LuceneScorer.java:110) - tweetcountid:7725
2015-06-18  INFO [main] (LuceneScorer.java:110) - tweeturl:Wednesday   Ladies Night at Prime  Come by and enjoy a complimentary glass of bubbly   BocaRaton  DelrayBeach http   t co 6AyJkdF2zG
2015-06-18  INFO [main] (LuceneScorer.java:110) - tweetcountid:7726
2015-06-18  INFO [main] (LuceneScorer.java:110) - tweeturl:The Boys of Summer Squash  veggieasong
2015-06-18  INFO [main] (LuceneScorer.java:110) - tweetcountid:7727
2015-06-18  INFO [main] (LuceneScorer.java:110) - tweeturl: RubeSA47 Cracking aerial shot  Great bird
2015-06-18  INFO [main] (LuceneScorer.java:110) - tweetcountid:7728
2015-06-18  INFO [main] (LuceneScorer.java:110) - tweeturl:RT  persdevquotes     Other people s opinion of you does not have to become your reality     Les Brown   http   t co QUjZG4TCWw
2015-06-18  INFO [main] (LuceneScorer.java:110) - tweetcountid:7729
2015-06-18  INFO [main] (LuceneScorer.java:110) - tweeturl:RT  itbhwant  someone like this http   t co y5QyY9l48J
2015-06-18  INFO [main] (LuceneScorer.java:110) - tweetcountid:7730
2015-06-18  INFO [main] (LuceneScorer.java:110) - tweeturl: wegothigh We re so sorry that this happened during your visit  Please contact us at GuestRelations PandaRG com so we can make this right 
2015-06-18  INFO [main] (LuceneScorer.java:110) - tweetcountid:7731
2015-06-18  INFO [main] (LuceneScorer.java:110) - tweeturl: EmbajadaEEUUarg    Emotionable  This touch my heart                               USA  NYC I love you 
2015-06-18  INFO [main] (LuceneScorer.java:110) - tweetcountid:7732
2015-06-18  INFO [main] (LuceneScorer.java:110) - tweeturl:So Sarkeesian s supporters don t care that she s slut shaming a character in a  totally reasonable  pop outfit  Good job supporting women   
2015-06-18  INFO [main] (LuceneScorer.java:110) - tweetcountid:7733
2015-06-18  INFO [main] (LuceneScorer.java:110) - tweeturl:RT  hxnnahjohnston  could not be more unhappy with my figure just now
2015-06-18  INFO [main] (LuceneScorer.java:110) - tweetcountid:7734
2015-06-18  INFO [main] (LuceneScorer.java:110) - tweeturl: TheLaurenDeer  O that draw was amazing  I forgot about that  
2015-06-18  INFO [main] (LuceneScorer.java:110) - tweetcountid:7735
2015-06-18  INFO [main] (LuceneScorer.java:110) - tweeturl: There was sweat dripping off his face at a rapid pace  him    FervidArcher  had been taking turns caring the tire for the car  finally 
2015-06-18  INFO [main] (LuceneScorer.java:110) - tweetcountid:7736
2015-06-18  INFO [main] (LuceneScorer.java:110) - tweeturl: sophiedevinxx instructions would of came in handy if I had any AHAHAHA fuck it I m literally going boob naked for prom
2015-06-18  INFO [main] (LuceneScorer.java:110) - tweetcountid:7737
2015-06-18  INFO [main] (LuceneScorer.java:110) - tweeturl:RT  CNNMoney  Ack  600 million  samsung  Galaxy phones have been exposed to hackers  Should you worry  http   t co QF5F4RGHUq http   t co 9 
2015-06-18  INFO [main] (LuceneScorer.java:110) - tweetcountid:7738
2015-06-18  INFO [main] (LuceneScorer.java:110) - tweeturl:RT  warriors  Family of champions       LeanInTogether http   t co 1J2XT2EzlJ
2015-06-18  INFO [main] (LuceneScorer.java:110) - tweetcountid:7739
2015-06-18  INFO [main] (LuceneScorer.java:110) - tweeturl:TITLE  This Is The Last Episode  https   t co paH33zl7at
2015-06-18  INFO [main] (LuceneScorer.java:110) - tweetcountid:7740
2015-06-18  INFO [main] (LuceneScorer.java:110) - tweeturl: DeeJ BNG does it come in black  seriously
2015-06-18  INFO [main] (LuceneScorer.java:110) - tweetcountid:7741
2015-06-18  INFO [main] (LuceneScorer.java:110) - tweeturl:RT  EXOBAEKHYUNMAMA   PIC  150612  BAEKHYUN AT TEL IN TAIPEI http   t co rnFClPprVV http   t co td87PavfqD   Eternal Light http   t co IvxGA 
2015-06-18  INFO [main] (LuceneScorer.java:110) - tweetcountid:7742
2015-06-18  INFO [main] (LuceneScorer.java:110) - tweeturl: juliaoftoronto  voxdotcom Because everyone loves donuts more than they fear death 
2015-06-18  INFO [main] (LuceneScorer.java:110) - tweetcountid:7743
2015-06-18  INFO [main] (LuceneScorer.java:110) - tweeturl:RT  RCAF ARC   Trivia answer  Air Vice Marshal  Black Mike  McEwen   WWI Ace  Comd No  6 RCAF  WWII  and his Sopwith Camel   RCAF http   t  
2015-06-18  INFO [main] (LuceneScorer.java:110) - tweetcountid:7744
2015-06-18  INFO [main] (LuceneScorer.java:110) - tweeturl: DurhamRegion Do U know the  inherentrisks    hiddenperils of  watermeter replacement   http   t co l7WYTONwcq http   t co NEgN9cOySI
2015-06-18  INFO [main] (LuceneScorer.java:110) - tweetcountid:7745
2015-06-18  INFO [main] (LuceneScorer.java:110) - tweeturl:RT  kbrolicdass   SexyFreaky84 your avi keeps me horny
2015-06-18  INFO [main] (LuceneScorer.java:110) - tweetcountid:7746
2015-06-18  INFO [main] (LuceneScorer.java:110) - tweeturl:What s causing your low self confidence  Take the quiz  http   t co r5r8oAO7yp http   t co qeAQmcnfBw
2015-06-18  INFO [main] (LuceneScorer.java:110) - tweetcountid:7747
2015-06-18  INFO [main] (LuceneScorer.java:110) - tweeturl:RT  BriereSimon  Final plant date by state  http   t co VCb0m3bUYp
2015-06-18  INFO [main] (LuceneScorer.java:110) - tweetcountid:7748
2015-06-18  INFO [main] (LuceneScorer.java:110) - tweeturl: PastorTracy2004  Yes I am  I try to have as much fun as I can when I can
2015-06-18  INFO [main] (LuceneScorer.java:110) - tweetcountid:7749
2015-06-18  INFO [main] (LuceneScorer.java:110) - tweeturl:RT  pissccces   Pisces will adore you 
2015-06-18  INFO [main] (LuceneScorer.java:110) - tweetcountid:7750
2015-06-18  INFO [main] (LuceneScorer.java:110) - tweeturl:I now have 11 candles        Obsessed  Nah         
2015-06-18  INFO [main] (LuceneScorer.java:110) - tweetcountid:7751
2015-06-18  INFO [main] (LuceneScorer.java:110) - tweeturl:RT  kellydiets  Seven  7  travel destinations trending this summer             http   t co yRrgqgSGBs http   t co pMNrTZAZ28
2015-06-18  INFO [main] (LuceneScorer.java:110) - tweetcountid:7752
2015-06-18  INFO [main] (LuceneScorer.java:110) - tweeturl:RT  coreyspowell  OK  who left a pile of trash on  Ceres  Lot of weird things happening on that dwarf planet    http   t co WW8a4Y7REl http 
2015-06-18  INFO [main] (LuceneScorer.java:110) - tweetcountid:7753
2015-06-18  INFO [main] (LuceneScorer.java:110) - tweeturl:RT  kellydiets  Seven  7  travel destinations trending this summer             http   t co yRrgqgSGBs http   t co pMNrTZAZ28
2015-06-18  INFO [main] (LuceneScorer.java:110) - tweetcountid:7754
2015-06-18  INFO [main] (LuceneScorer.java:110) - tweeturl:RT  BlackYouthProj  Thousands of Black Dominican residents will be stripped of citizenship today  http   t co hyEuisVF7Y http   t co VTPluo 
2015-06-18  INFO [main] (LuceneScorer.java:110) - tweetcountid:7755
2015-06-18  INFO [main] (LuceneScorer.java:110) - tweeturl:RT  KeshaRose  Brazil you blew my mind http   t co 4o16ObGoSF
2015-06-18  INFO [main] (LuceneScorer.java:110) - tweetcountid:7756
2015-06-18  INFO [main] (LuceneScorer.java:110) - tweeturl: charlesfreed55 happy birthday Charlie
2015-06-18  INFO [main] (LuceneScorer.java:110) - tweetcountid:7757
2015-06-18  INFO [main] (LuceneScorer.java:110) - tweeturl:RT  dawnchats  Our final  GetSaucy winner is coming up  Retweet if you are excited   ad
2015-06-18  INFO [main] (LuceneScorer.java:110) - tweetcountid:7758
2015-06-18  INFO [main] (LuceneScorer.java:110) - tweeturl: ODellBoy Have you remembered to deadhead the petunias 
2015-06-18  INFO [main] (LuceneScorer.java:110) - tweetcountid:7759
2015-06-18  INFO [main] (LuceneScorer.java:110) - tweeturl:Hi Blanche  This Hoodie was designed with http   t co ntV7Iok3sp   http   t co kJpLhaVePg  JONASMabo http   t co neYWhq2YuC
2015-06-18  INFO [main] (LuceneScorer.java:110) - tweetcountid:7760
2015-06-18  INFO [main] (LuceneScorer.java:110) - tweeturl:RT  iamKennyHolland  The main thing i have figured out is that i have a lot to figure out
2015-06-18  INFO [main] (LuceneScorer.java:110) - tweetcountid:7761
2015-06-18  INFO [main] (LuceneScorer.java:110) - tweeturl: dolphinaphinity wait  solve a conundrum for me  since we ve had sushi before together  am I a bad mouth open eater  Totally got called one
2015-06-18  INFO [main] (LuceneScorer.java:110) - tweetcountid:7762
2015-06-18  INFO [main] (LuceneScorer.java:110) - tweeturl:its always him waking me up tho or i would ve still been sleep
2015-06-18  INFO [main] (LuceneScorer.java:110) - tweetcountid:7763
2015-06-18  INFO [main] (LuceneScorer.java:110) - tweeturl:RT  xcitely  I have trouble explaining  my  feelings
2015-06-18  INFO [main] (LuceneScorer.java:110) - tweetcountid:7764
2015-06-18  INFO [main] (LuceneScorer.java:110) - tweeturl: Ignore that graphic it s a 4 1 2 2 1 box formation    amwf
2015-06-18  INFO [main] (LuceneScorer.java:110) - tweetcountid:7765
2015-06-18  INFO [main] (LuceneScorer.java:110) - tweeturl:RT  RonGetzLucky   NSFW See Richelle Ryan and more sexy porn stars at http   t co Sk3osT4LIk   XXXHardcore  BigTits  BigBooty  POVSEX  http 
2015-06-18  INFO [main] (LuceneScorer.java:110) - tweetcountid:7766
2015-06-18  INFO [main] (LuceneScorer.java:110) - tweeturl:RT  AOLBUILD  The one and only  kevinjonas is taking the  BUILDseries stage in 5  Tune in NOW  https   t co 3f6gEowKrE
2015-06-18  INFO [main] (LuceneScorer.java:110) - tweetcountid:7767
2015-06-18  INFO [main] (LuceneScorer.java:110) - tweeturl:RT  Zonal Marking  Good to see Jordan Nobbs starting for England at the  wwc2015 tonight  could make a huge difference shuttling forward to 
2015-06-18  INFO [main] (LuceneScorer.java:110) - tweetcountid:7768
2015-06-18  INFO [main] (LuceneScorer.java:110) - tweeturl:BUY NOW    29   Get 5 000 Twitter Followers    39   Get 1 000 Instagram Followers   At http   t co FbqhMbXESL
2015-06-18  INFO [main] (LuceneScorer.java:110) - tweetcountid:7769
2015-06-18  INFO [main] (LuceneScorer.java:110) - tweeturl:RT  omgrelatabIe  I remember everything you think I forgot 
2015-06-18  INFO [main] (LuceneScorer.java:110) - tweetcountid:7770
2015-06-18  INFO [main] (LuceneScorer.java:110) - tweeturl:RT  ChildhoodShows  Remember when Ms Finster and Spinelli hula danced together http   t co SHapxwIQOJ
2015-06-18  INFO [main] (LuceneScorer.java:110) - tweetcountid:7771
2015-06-18  INFO [main] (LuceneScorer.java:110) - tweeturl:annoying
2015-06-18  INFO [main] (LuceneScorer.java:110) - tweetcountid:7772
2015-06-18  INFO [main] (LuceneScorer.java:110) - tweeturl:I just want it to be sunny     
2015-06-18  INFO [main] (LuceneScorer.java:110) - tweetcountid:7773
2015-06-18  INFO [main] (LuceneScorer.java:110) - tweeturl:RT  CBSNews  You need to stop eating Nutella right now  official says http   t co YJZYjbiih6 http   t co JqddwxIx2o
2015-06-18  INFO [main] (LuceneScorer.java:110) - tweetcountid:7774
2015-06-18  INFO [main] (LuceneScorer.java:110) - tweeturl:RT  druggedvibes  be careful who you vent to
2015-06-18  INFO [main] (LuceneScorer.java:110) - tweetcountid:7775
2015-06-18  INFO [main] (LuceneScorer.java:110) - tweeturl: TheRealJRSmith where you at   http   t co eT1e5ysO9W
2015-06-18  INFO [main] (LuceneScorer.java:110) - tweetcountid:7776
2015-06-18  INFO [main] (LuceneScorer.java:110) - tweeturl:RT  honestfandom   Remember when Selena had lost all this weight in 2 months   All those haters coming for her weight are gonna cry  http   
2015-06-18  INFO [main] (LuceneScorer.java:110) - tweetcountid:7777
2015-06-18  INFO [main] (LuceneScorer.java:110) - tweeturl:RT  VGAGymnastics  Another great evening in Ebbw Vale 
2015-06-18  INFO [main] (LuceneScorer.java:110) - tweetcountid:7778
2015-06-18  INFO [main] (LuceneScorer.java:110) - tweeturl:RT  FootbaIlStats  Juventus midfield    7 9m  Pirlo Pogba Marchisio Khedira Vidal   Liverpool midfield    59 75m  Henderson Allen  Can Lallana
2015-06-18  INFO [main] (LuceneScorer.java:110) - tweetcountid:7779
2015-06-18  INFO [main] (LuceneScorer.java:110) - tweeturl:CAN YOU FOLLOW ME DANNY    PS   I LOVE YOU MORE THAN I LOVE ME AHAH  TheScript Danny p
2015-06-18  INFO [main] (LuceneScorer.java:110) - tweetcountid:7780
2015-06-18  INFO [main] (LuceneScorer.java:110) - tweeturl:RT  yayygrier  i m so glad that snapchat exist  because what would I do without this snap of nash and johnson      THE END IM DEAD http   t 
2015-06-18  INFO [main] (LuceneScorer.java:110) - tweetcountid:7781
2015-06-18  INFO [main] (LuceneScorer.java:110) - tweeturl:RT  FootballFunnys  Ramadan Mubarak to all Muslims around the world  Ramadan http   t co Yzuq0yPVbD
2015-06-18  INFO [main] (LuceneScorer.java:110) - tweetcountid:7782
2015-06-18  INFO [main] (LuceneScorer.java:110) - tweeturl: richjohnston actually that is very good 
2015-06-18  INFO [main] (LuceneScorer.java:110) - tweetcountid:7783
2015-06-18  INFO [main] (LuceneScorer.java:110) - tweeturl:RT  TransferBibIe  Liverpool are showing  strong interest  in Roberto Firmino  who is also a target for Manchester United   Mirror  http    
2015-06-18  INFO [main] (LuceneScorer.java:110) - tweetcountid:7784
2015-06-18  INFO [main] (LuceneScorer.java:110) - tweeturl: haskeljoe would you be interested in a youtube for indie and major game reviews and more if so would you mind subscribing  link in bio 
2015-06-18  INFO [main] (LuceneScorer.java:110) - tweetcountid:7785
2015-06-18  INFO [main] (LuceneScorer.java:110) - tweeturl:Nest launches 2nd gen smoke detector for  99  kills off Dropcam brand http   t co sZIhEyKQRw
2015-06-18  INFO [main] (LuceneScorer.java:110) - tweetcountid:7786
2015-06-18  INFO [main] (LuceneScorer.java:110) - tweeturl:Just Dance 2015    Boom Clap  Gameplay Trailer http   t co zs1lQlRkfV
2015-06-18  INFO [main] (LuceneScorer.java:110) - tweetcountid:7787
2015-06-18  INFO [main] (LuceneScorer.java:110) - tweeturl:     really           https   t co nGJhYYFVfB
2015-06-18  INFO [main] (LuceneScorer.java:110) - tweetcountid:7788
2015-06-18  INFO [main] (LuceneScorer.java:110) - tweeturl:RT  MoneyMakers Ent  I rain out of breathe just watching this RT  PlainOlCamm  Big Fines at it again  http   t co WQOgyrJXwO
2015-06-18  INFO [main] (LuceneScorer.java:110) - tweetcountid:7789
2015-06-18  INFO [main] (LuceneScorer.java:110) - tweeturl:Have you read any of Eric A  Shelman sbools  Pfft  Why the hell not   SummerofZombie http   t co LQ1HvI5hYi via  ArmandAuthor
2015-06-18  INFO [main] (LuceneScorer.java:110) - tweetcountid:7790
2015-06-18  INFO [main] (LuceneScorer.java:110) - tweeturl: news Nest Cam is here  but the  Internet of Things  still isn t http   t co dkTNnWglYN  socialmedia
2015-06-18  INFO [main] (LuceneScorer.java:110) - tweetcountid:7791
2015-06-18  INFO [main] (LuceneScorer.java:110) - tweeturl:Gonna start reading Fields of Fire today  Hope it s good 
2015-06-18  INFO [main] (LuceneScorer.java:110) - tweetcountid:7792
2015-06-18  INFO [main] (LuceneScorer.java:110) - tweeturl:RT  mishacollins  That last stream wasn t an so failure  my phone died 
2015-06-18  INFO [main] (LuceneScorer.java:110) - tweetcountid:7793
2015-06-18  INFO [main] (LuceneScorer.java:110) - tweeturl:Why are you aimless in your life right now  Take the quiz  http   t co Na9NMiZaLQ http   t co ANo7OGWZRJ
2015-06-18  INFO [main] (LuceneScorer.java:110) - tweetcountid:7794
2015-06-18  INFO [main] (LuceneScorer.java:110) - tweeturl:RT  CuteAnimalsBaby  3 week old Corgis http   t co d9yrUvo9Z3
2015-06-18  INFO [main] (LuceneScorer.java:110) - tweetcountid:7795
2015-06-18  INFO [main] (LuceneScorer.java:110) - tweeturl:Our Reaction to This Violent White Criminal Reveals America s Racist Double Standards http   t co YHhJl1RFGG
2015-06-18  INFO [main] (LuceneScorer.java:110) - tweetcountid:7796
2015-06-18  INFO [main] (LuceneScorer.java:110) - tweeturl:RT  BuildingNews  Bouygues wins   27m Queen Mary University of London job  Contractor appointed to build new graduate facility at    http    
2015-06-18  INFO [main] (LuceneScorer.java:110) - tweetcountid:7797
2015-06-18  INFO [main] (LuceneScorer.java:110) - tweeturl:Check out these helpful tips on researching your  wedding vendors 
2015-06-18  INFO [main] (LuceneScorer.java:110) - tweetcountid:7798
2015-06-18  INFO [main] (LuceneScorer.java:110) - tweeturl: Jass jazz jasz Hahaha you right
2015-06-18  INFO [main] (LuceneScorer.java:110) - tweetcountid:7799
2015-06-18  INFO [main] (LuceneScorer.java:110) - tweeturl:RT  South emily123  Good luck to everyone doing stats tomorrow    
2015-06-18  INFO [main] (LuceneScorer.java:110) - tweetcountid:7800
2015-06-18  INFO [main] (LuceneScorer.java:110) - tweeturl:RT 10winnersaday so thats 9 or 10 in a row     when my free month end i ll ask you for 12 month offer    it pays i  http   t co ZDnGzfWXuo
2015-06-18  INFO [main] (LuceneScorer.java:110) - tweetcountid:7801
2015-06-18  INFO [main] (LuceneScorer.java:110) - tweeturl:Awwww omg                 https   t co rGSun7v4G0
2015-06-18  INFO [main] (LuceneScorer.java:110) - tweetcountid:7802
2015-06-18  INFO [main] (LuceneScorer.java:110) - tweeturl:RT  sarahh poynterr  KMBC looked good until they said  speaking in unknown tongues contradicts the bible  we d never make it there          Spark 
2015-06-18  INFO [main] (LuceneScorer.java:110) - tweetcountid:7803
2015-06-18  INFO [main] (LuceneScorer.java:110) - tweeturl: neadsi hmm i don t think it is
2015-06-18  INFO [main] (LuceneScorer.java:110) - tweetcountid:7804
2015-06-18  INFO [main] (LuceneScorer.java:110) - tweeturl:Just not my day   
2015-06-18  INFO [main] (LuceneScorer.java:110) - tweetcountid:7805
2015-06-18  INFO [main] (LuceneScorer.java:110) - tweeturl: chi po tel  shirwinnie  malinaislife NO LMAO
2015-06-18  INFO [main] (LuceneScorer.java:110) - tweetcountid:7806
2015-06-18  INFO [main] (LuceneScorer.java:110) - tweeturl:RT   dwayne c   Let me grab ya titty   rosyliciousxx    You need to ask  so say  may I grab ya titty  
2015-06-18  INFO [main] (LuceneScorer.java:110) - tweetcountid:7807
2015-06-18  INFO [main] (LuceneScorer.java:110) - tweeturl:RT  EffervescentRae  Watched all episodes of Unfiltered on the WWE Network  Check   JocosePublicist is really impressing me with her new sh 
2015-06-18  INFO [main] (LuceneScorer.java:110) - tweetcountid:7808
2015-06-18  INFO [main] (LuceneScorer.java:110) - tweeturl:Bought  EURUSD 1 13508 SL 1 13173   Win  300k salary   bonus with 55 100 trades via http   t co crtyBLZhj1  forex  news  fx  ff  rt
2015-06-18  INFO [main] (LuceneScorer.java:110) - tweetcountid:7809
2015-06-18  INFO [main] (LuceneScorer.java:110) - tweeturl: teamfollowback Connectivity for pilots and passengers on display at the Paris Airshow http   t co XInIhFMe4I  instanfollow
2015-06-18  INFO [main] (LuceneScorer.java:110) - tweetcountid:7810
2015-06-18  INFO [main] (LuceneScorer.java:110) - tweeturl:RT  emilieeekorn  Happy birthday CJ      Love and miss you bunches   I hope you have a wonderful day          chau tongly
2015-06-18  INFO [main] (LuceneScorer.java:110) - tweetcountid:7811
2015-06-18  INFO [main] (LuceneScorer.java:110) - tweeturl:Math regents made me want to die today
2015-06-18  INFO [main] (LuceneScorer.java:110) - tweetcountid:7812
2015-06-18  INFO [main] (LuceneScorer.java:110) - tweeturl:Both of my moms hack             
2015-06-18  INFO [main] (LuceneScorer.java:110) - tweetcountid:7813
2015-06-18  INFO [main] (LuceneScorer.java:110) - tweeturl:1 more full day of revision tomorrow and then it ll all be over 3pm friday                
2015-06-18  INFO [main] (LuceneScorer.java:110) - tweetcountid:7814
2015-06-18  INFO [main] (LuceneScorer.java:110) - tweeturl:RT  Real Liam Payne  Had a laugh with  Andy Murray and  jackwhitehall on the  TennisPodcast  Check it out  http   t co 0Npq9wmatn bets of l 
2015-06-18  INFO [main] (LuceneScorer.java:110) - tweetcountid:7815
2015-06-18  INFO [main] (LuceneScorer.java:110) - tweeturl: my mom and I driving home from the doctor  Mom  LOOK SAM LOOK AT THE PUDDLES LOOK I CAN RUN THEM OVER AND THEY GO PSHHHHH LOOK PSHHHHHH
2015-06-18  INFO [main] (LuceneScorer.java:110) - tweetcountid:7816
2015-06-18  INFO [main] (LuceneScorer.java:110) - tweeturl:I would beg to differ  https   t co PnqKpfXESs https   t co 2CTb2pATnA
2015-06-18  INFO [main] (LuceneScorer.java:110) - tweetcountid:7817
2015-06-18  INFO [main] (LuceneScorer.java:110) - tweeturl:RT  beachpixdaily  Summer is chill          http   t co h2XH8wUenc
2015-06-18  INFO [main] (LuceneScorer.java:110) - tweetcountid:7818
2015-06-18  INFO [main] (LuceneScorer.java:110) - tweeturl:RT  Amazing Iife  Take me to Tomorrowland                http   t co YaA6ZaVlAp
2015-06-18  INFO [main] (LuceneScorer.java:110) - tweetcountid:7819
2015-06-18  INFO [main] (LuceneScorer.java:110) - tweeturl: brannxo foreal lol  it s so true tho
2015-06-18  INFO [main] (LuceneScorer.java:110) - tweetcountid:7820
2015-06-18  INFO [main] (LuceneScorer.java:110) - tweeturl:I really hate guys
2015-06-18  INFO [main] (LuceneScorer.java:110) - tweetcountid:7821
2015-06-18  INFO [main] (LuceneScorer.java:110) - tweeturl: Harry Styles Someone told me  Don t lose hope  so I don t and I m still hoping that one day you will follow me      X70
2015-06-18  INFO [main] (LuceneScorer.java:110) - tweetcountid:7822
2015-06-18  INFO [main] (LuceneScorer.java:110) - tweeturl:My Bestfriend doe          https   t co qpYb3xokiF
2015-06-18  INFO [main] (LuceneScorer.java:110) - tweetcountid:7823
2015-06-18  INFO [main] (LuceneScorer.java:110) - tweeturl:Because I feel like I am literally wasting it
2015-06-18  INFO [main] (LuceneScorer.java:110) - tweetcountid:7824
2015-06-18  INFO [main] (LuceneScorer.java:110) - tweeturl:RT  faridat busari   xmelissakay thanks boo         
2015-06-18  INFO [main] (LuceneScorer.java:110) - tweetcountid:7825
2015-06-18  INFO [main] (LuceneScorer.java:110) - tweeturl:Come on  Eng  WWC2015
2015-06-18  INFO [main] (LuceneScorer.java:110) - tweetcountid:7826
2015-06-18  INFO [main] (LuceneScorer.java:110) - tweeturl:But the food so fucking goooodddddddd
2015-06-18  INFO [main] (LuceneScorer.java:110) - tweetcountid:7827
2015-06-18  INFO [main] (LuceneScorer.java:110) - tweeturl:RT  starcast   Just to ruin everyone s days ahead  the rozas will not get any shorter as we go along  courtesy Summer Equinox           Ramadan  
2015-06-18  INFO [main] (LuceneScorer.java:110) - tweetcountid:7828
2015-06-18  INFO [main] (LuceneScorer.java:110) - tweeturl:RT  TheSharona06  I hate when autocorrect changes waterboarding to weatherboarding  Now instead of torturing someone  I have to go put sidi 
2015-06-18  INFO [main] (LuceneScorer.java:110) - tweetcountid:7829
2015-06-18  INFO [main] (LuceneScorer.java:110) - tweeturl:they are  WeWant2ne1onMama2014 are alive pansies are blue and talent they happy hearts four nine uno otso disisais disiotso
2015-06-18  INFO [main] (LuceneScorer.java:110) - tweetcountid:7830
2015-06-18  INFO [main] (LuceneScorer.java:110) - tweeturl: alemalladofoto  Photoshop  Lightroom  Adobe How do you mean dead 
2015-06-18  INFO [main] (LuceneScorer.java:110) - tweetcountid:7831
2015-06-18  INFO [main] (LuceneScorer.java:110) - tweeturl: Pony of Awesome hehe being in Australia  and that we use Celcius  That makes it looks like it s  boiling 
2015-06-18  INFO [main] (LuceneScorer.java:110) - tweetcountid:7832
2015-06-18  INFO [main] (LuceneScorer.java:110) - tweeturl:Recommend  new site to get free followers          http   t co Jfc30kEDue  pedisuroqik  followtricks78   FollowMe  FollowBack
2015-06-18  INFO [main] (LuceneScorer.java:110) - tweetcountid:7833
2015-06-18  INFO [main] (LuceneScorer.java:110) - tweeturl:Yess              https   t co kGDb2fOlxF
2015-06-18  INFO [main] (LuceneScorer.java:110) - tweetcountid:7834
2015-06-18  INFO [main] (LuceneScorer.java:110) - tweeturl:RT  KimKardashian   No daddy s it s me necklace  http   t co euJOh8eqtV
2015-06-18  INFO [main] (LuceneScorer.java:110) - tweetcountid:7835
2015-06-18  INFO [main] (LuceneScorer.java:110) - tweeturl:RT  NewstalkFM  Special memorial service for Berkeley victims to be held next week http   t co m6EkiYDwQX  ntfm http   t co VZUbh6LEOv
2015-06-18  INFO [main] (LuceneScorer.java:110) - tweetcountid:7836
2015-06-18  INFO [main] (LuceneScorer.java:110) - tweeturl:RT  grimmers  wow  Go Flooooo    https   t co GMwF9ACwAy
2015-06-18  INFO [main] (LuceneScorer.java:110) - tweetcountid:7837
2015-06-18  INFO [main] (LuceneScorer.java:110) - tweeturl:I watched oitnb season 3 too fast and now I m depressed
2015-06-18  INFO [main] (LuceneScorer.java:110) - tweetcountid:7838
2015-06-18  INFO [main] (LuceneScorer.java:110) - tweeturl:See a virtual tour of my listing on 610 Orleans Avenue  NewIberia  LA http   t co 0PS79ZnXoP  realestate http   t co MXoSo7AAHF
2015-06-18  INFO [main] (LuceneScorer.java:110) - tweetcountid:7839
2015-06-18  INFO [main] (LuceneScorer.java:110) - tweeturl:Porn Vid  http   t co GyG7wlZLtx  nsfw  loscocciato67  dane guy  logan gina  SarrahMartins  TheNaughtyLady http   t co 9pngxWRfkU
2015-06-18  INFO [main] (LuceneScorer.java:110) - tweetcountid:7840
2015-06-18  INFO [main] (LuceneScorer.java:110) - tweeturl:Suce bite
2015-06-18  INFO [main] (LuceneScorer.java:110) - tweetcountid:7841
2015-06-18  INFO [main] (LuceneScorer.java:110) - tweeturl:RT  HeatherKONeill   Gmusic99 I have no idea what that means because I am ancient 
2015-06-18  INFO [main] (LuceneScorer.java:110) - tweetcountid:7842
2015-06-18  INFO [main] (LuceneScorer.java:110) - tweeturl:Just take my hand
2015-06-18  INFO [main] (LuceneScorer.java:110) - tweetcountid:7843
2015-06-18  INFO [main] (LuceneScorer.java:110) - tweeturl:All I want is Rocknes  Someone please go with me 
2015-06-18  INFO [main] (LuceneScorer.java:110) - tweetcountid:7844
2015-06-18  INFO [main] (LuceneScorer.java:110) - tweeturl:RT  ChrisProffitt  IU football player Antonio Allen leaving jail after he s arrested for dealing drugs  rtv6 http   t co AzBTy6Ntlk
2015-06-18  INFO [main] (LuceneScorer.java:110) - tweetcountid:7845
2015-06-18  INFO [main] (LuceneScorer.java:110) - tweeturl: a jhenson15 honestly  I would rather JR and Shump at the 2  Wade s best days are far behind him 
2015-06-18  INFO [main] (LuceneScorer.java:110) - tweetcountid:7846
2015-06-18  INFO [main] (LuceneScorer.java:110) - tweeturl:What do I wanna do today  Hmm     
2015-06-18  INFO [main] (LuceneScorer.java:110) - tweetcountid:7847
2015-06-18  INFO [main] (LuceneScorer.java:110) - tweeturl: nvca We appreciate the follow 
2015-06-18  INFO [main] (LuceneScorer.java:110) - tweetcountid:7848
2015-06-18  INFO [main] (LuceneScorer.java:110) - tweeturl:Back up ugly      https   t co DfV5gSzTSU
2015-06-18  INFO [main] (LuceneScorer.java:110) - tweetcountid:7849
2015-06-18  INFO [main] (LuceneScorer.java:110) - tweeturl:RT  Guys Codes   only white girls like justin bieber   http   t co 2GbhnM0qsg
2015-06-18  INFO [main] (LuceneScorer.java:110) - tweetcountid:7850
2015-06-18  INFO [main] (LuceneScorer.java:110) - tweeturl: wreckithemmo but hell yes merch previews
2015-06-18  INFO [main] (LuceneScorer.java:110) - tweetcountid:7851
2015-06-18  INFO [main] (LuceneScorer.java:110) - tweeturl: JonesOnTheNBA I will second going to  BurmaSuperstar and make sure to get the tea salad as one of the items 
2015-06-18  INFO [main] (LuceneScorer.java:110) - tweetcountid:7852
2015-06-18  INFO [main] (LuceneScorer.java:110) - tweeturl:Cycling Helsinki http   t co 0kaTHMRy8k http   t co wiuzZQfd5w
2015-06-18  INFO [main] (LuceneScorer.java:110) - tweetcountid:7853
2015-06-18  INFO [main] (LuceneScorer.java:110) - tweeturl:St  Alban s Episcopal Church at Gainesville  AL  built 1879  listed on the NRHP     https   t co qrJ7be3NVA http   t co 999GznocWA
2015-06-18  INFO [main] (LuceneScorer.java:110) - tweetcountid:7854
2015-06-18  INFO [main] (LuceneScorer.java:110) - tweeturl:RT  tamarabaeee  We have our ups   downs but where you going                                          
2015-06-18  INFO [main] (LuceneScorer.java:110) - tweetcountid:7855
2015-06-18  INFO [main] (LuceneScorer.java:110) - tweeturl:RT  nhaarh   I always have to dodge them
2015-06-18  INFO [main] (LuceneScorer.java:110) - tweetcountid:7856
2015-06-18  INFO [main] (LuceneScorer.java:110) - tweeturl:Life is too short to take anything for granted
2015-06-18  INFO [main] (LuceneScorer.java:110) - tweetcountid:7857
2015-06-18  INFO [main] (LuceneScorer.java:110) - tweeturl:uploaded a new video  Check it out  http   t co b1ZBPMevNP
2015-06-18  INFO [main] (LuceneScorer.java:110) - tweetcountid:7858
2015-06-18  INFO [main] (LuceneScorer.java:110) - tweeturl:RT  AdventureVibess  An adventure to Fuji would be perfect             http   t co OckDOQmTpk
2015-06-18  INFO [main] (LuceneScorer.java:110) - tweetcountid:7859
2015-06-18  INFO [main] (LuceneScorer.java:110) - tweeturl:RT  MeninistTweetss  Don t chase them  replace them
2015-06-18  INFO [main] (LuceneScorer.java:110) - tweetcountid:7860
2015-06-18  INFO [main] (LuceneScorer.java:110) - tweeturl:RT  lumiemuja  When girls you didn t even know existed have you blocked   lol who hurt you    
2015-06-18  INFO [main] (LuceneScorer.java:110) - tweetcountid:7861
2015-06-18  INFO [main] (LuceneScorer.java:110) - tweeturl:my life is getting into bed when it s still light outside
2015-06-18  INFO [main] (LuceneScorer.java:110) - tweetcountid:7862
2015-06-18  INFO [main] (LuceneScorer.java:110) - tweeturl:I ve been in bed all day   
2015-06-18  INFO [main] (LuceneScorer.java:110) - tweetcountid:7863
2015-06-18  INFO [main] (LuceneScorer.java:110) - tweeturl:RT  Style Lingua  Have you been to the highest garden in  London yet  http   t co LqhZTss2mE  fblogger  bblogger  lblogger http   t co gNEt 
2015-06-18  INFO [main] (LuceneScorer.java:110) - tweetcountid:7864
2015-06-18  INFO [main] (LuceneScorer.java:110) - tweeturl:RT  Quartermain10  He was only 22 years old when he started watching tonight s State of Origin pre game show    Origin  getonwithit http    
2015-06-18  INFO [main] (LuceneScorer.java:110) - tweetcountid:7865
2015-06-18  INFO [main] (LuceneScorer.java:110) - tweeturl:We Are Leo   Supernova Sunrise http   t co pkq0DAJ3Vu  wxgn  nowplaying  listenlive
2015-06-18  INFO [main] (LuceneScorer.java:110) - tweetcountid:7866
2015-06-18  INFO [main] (LuceneScorer.java:110) - tweeturl:Check out  15 Painting Photo Effects  on  EnvatoMarket  graphicriver http   t co RbxDdZTa6o
2015-06-18  INFO [main] (LuceneScorer.java:110) - tweetcountid:7867
2015-06-18  INFO [main] (LuceneScorer.java:110) - tweeturl:RT  JuanG Arango  Sampaoli   Arturo committed a mistake but it is not enough to remove him from the team  
2015-06-18  INFO [main] (LuceneScorer.java:110) - tweetcountid:7868
2015-06-18  INFO [main] (LuceneScorer.java:110) - tweeturl:Sorry to say but this year we going out there to embarrass folks  like everyone did us 4years ago
2015-06-18  INFO [main] (LuceneScorer.java:110) - tweetcountid:7869
2015-06-18  INFO [main] (LuceneScorer.java:110) - tweeturl:Summer just isn t meant for studying
2015-06-18  INFO [main] (LuceneScorer.java:110) - tweetcountid:7870
2015-06-18  INFO [main] (LuceneScorer.java:110) - tweeturl:Gotta keep my head up
2015-06-18  INFO [main] (LuceneScorer.java:110) - tweetcountid:7871
2015-06-18  INFO [main] (LuceneScorer.java:110) - tweeturl:R A M A D A N   M U B A R A K               
2015-06-18  INFO [main] (LuceneScorer.java:110) - tweetcountid:7872
2015-06-18  INFO [main] (LuceneScorer.java:110) - tweeturl:Coming Home  http   t co 8bpCdm70sH
2015-06-18  INFO [main] (LuceneScorer.java:110) - tweetcountid:7873
2015-06-18  INFO [main] (LuceneScorer.java:110) - tweeturl: stephanjenkins I m so so so glad that Blade made the cut  Fell in love hearing it live  Stirs something in me only your lyrics can 
2015-06-18  INFO [main] (LuceneScorer.java:110) - tweetcountid:7874
2015-06-18  INFO [main] (LuceneScorer.java:110) - tweeturl:2meses         
2015-06-18  INFO [main] (LuceneScorer.java:110) - tweetcountid:7875
2015-06-18  INFO [main] (LuceneScorer.java:110) - tweeturl:RT  WudanZee  This humidity making these workouts even harder
2015-06-18  INFO [main] (LuceneScorer.java:110) - tweetcountid:7876
2015-06-18  INFO [main] (LuceneScorer.java:110) - tweeturl:RT  OnlineBaddies  I love  bodyposi people  baecotic      http   t co ogI6SSEWgi
2015-06-18  INFO [main] (LuceneScorer.java:110) - tweetcountid:7877
2015-06-18  INFO [main] (LuceneScorer.java:110) - tweeturl: I like turdles             People are funny     EpicFail  Vine by  epicfail vine  https   t co P3jG6Oppdt
2015-06-18  INFO [main] (LuceneScorer.java:110) - tweetcountid:7878
2015-06-18  INFO [main] (LuceneScorer.java:110) - tweeturl: stunningbeer  zaynmalik account in my bio please
2015-06-18  INFO [main] (LuceneScorer.java:110) - tweetcountid:7879
2015-06-18  INFO [main] (LuceneScorer.java:110) - tweeturl:RT  thenikhilkapur  I d be super embarrassed if people saw my google history but only because its all words I should really know how to spe 
2015-06-18  INFO [main] (LuceneScorer.java:110) - tweetcountid:7880
2015-06-18  INFO [main] (LuceneScorer.java:110) - tweeturl:RT  thenikhilkapur  I hate it when this happens  http   t co Y72pcFzjKa
2015-06-18  INFO [main] (LuceneScorer.java:110) - tweetcountid:7881
2015-06-18  INFO [main] (LuceneScorer.java:110) - tweeturl: Gabriel050111 I don t need to provide jack shit  You will refute whatever I put down anyways 
2015-06-18  INFO [main] (LuceneScorer.java:110) - tweetcountid:7882
2015-06-18  INFO [main] (LuceneScorer.java:110) - tweeturl:RT  ajc  Ex Baltimore Ravens cheerleader pleads guilty to raping teen http   t co NK94raqReZ
2015-06-18  INFO [main] (LuceneScorer.java:110) - tweetcountid:7883
2015-06-18  INFO [main] (LuceneScorer.java:110) - tweeturl:9 Things Guys Need To Stop Doing When Receiving A BJ http   t co tzhYYC3iuK http   t co 4jXGbjbUoG
2015-06-18  INFO [main] (LuceneScorer.java:110) - tweetcountid:7884
2015-06-18  INFO [main] (LuceneScorer.java:110) - tweeturl:America has to address the issue of racist police officers more quickly and directly  Has to 
2015-06-18  INFO [main] (LuceneScorer.java:110) - tweetcountid:7885
2015-06-18  INFO [main] (LuceneScorer.java:110) - tweeturl: bensills I know  it s getting ridiculous  It s about the same size as my other one  I promise I ll bring it on Monday 
2015-06-18  INFO [main] (LuceneScorer.java:110) - tweetcountid:7886
2015-06-18  INFO [main] (LuceneScorer.java:110) - tweeturl:RT  FOXSports   MEX and  FRA starting lineups  Kickoff coming up on  FOXTV   FWWConFOX http   t co u4EuQZBNOS
2015-06-18  INFO [main] (LuceneScorer.java:110) - tweetcountid:7887
2015-06-18  INFO [main] (LuceneScorer.java:110) - tweeturl:fuck offfff
2015-06-18  INFO [main] (LuceneScorer.java:110) - tweetcountid:7888
2015-06-18  INFO [main] (LuceneScorer.java:110) - tweeturl: AskHeyViolet what made you pick hey violet   i love it btw
2015-06-18  INFO [main] (LuceneScorer.java:110) - tweetcountid:7889
2015-06-18  INFO [main] (LuceneScorer.java:110) - tweeturl: cabelloestupra Always
2015-06-18  INFO [main] (LuceneScorer.java:110) - tweetcountid:7890
2015-06-18  INFO [main] (LuceneScorer.java:110) - tweeturl:RT  dairymilks  im i the only one who finds human life really fucking weird  like why do we even do half the shit we do
2015-06-18  INFO [main] (LuceneScorer.java:110) - tweetcountid:7891
2015-06-18  INFO [main] (LuceneScorer.java:110) - tweeturl: NeuroCapability thanks for sharing NeuroCapability  have a great Wednesday   
2015-06-18  INFO [main] (LuceneScorer.java:110) - tweetcountid:7892
2015-06-18  INFO [main] (LuceneScorer.java:110) - tweeturl:my heart looks like a crinkled up piece of paper
2015-06-18  INFO [main] (LuceneScorer.java:110) - tweetcountid:7893
2015-06-18  INFO [main] (LuceneScorer.java:110) - tweeturl: gwaac Wotton under Edge dad walks from hometown to Cam to raise money for Great Western Air Ambulance http   t co vpXtlWhHfk
2015-06-18  INFO [main] (LuceneScorer.java:110) - tweetcountid:7894
2015-06-18  INFO [main] (LuceneScorer.java:110) - tweeturl:RT  BlEBERSMUSIC  You know what Justin  You deserve every love of this damn world  Keep doing what you love  we will always be here for you 
2015-06-18  INFO [main] (LuceneScorer.java:110) - tweetcountid:7895
2015-06-18  INFO [main] (LuceneScorer.java:110) - tweeturl: GiselleVantes this is so cute      thank you Giselle         
2015-06-18  INFO [main] (LuceneScorer.java:110) - tweetcountid:7896
2015-06-18  INFO [main] (LuceneScorer.java:110) - tweeturl:RT  sabinufbu  actually obsessed with my emoji pillows from  emojiworldco      http   t co cAD88nloOh
2015-06-18  INFO [main] (LuceneScorer.java:110) - tweetcountid:7897
2015-06-18  INFO [main] (LuceneScorer.java:110) - tweeturl:awkward         https   t co OjXG5CkitM
2015-06-18  INFO [main] (LuceneScorer.java:110) - tweetcountid:7898
2015-06-18  INFO [main] (LuceneScorer.java:110) - tweeturl:Wtf is this  Tf soo gay   https   t co z4NP1WGFIZ
2015-06-18  INFO [main] (LuceneScorer.java:110) - tweetcountid:7899
2015-06-18  INFO [main] (LuceneScorer.java:110) - tweeturl: ARapperSaid   Ken nedy   bruh
2015-06-18  INFO [main] (LuceneScorer.java:110) - tweetcountid:7900
2015-06-18  INFO [main] (LuceneScorer.java:110) - tweeturl: BrendanQuiroz don t come up here and get balled on
2015-06-18  INFO [main] (LuceneScorer.java:110) - tweetcountid:7901
2015-06-18  INFO [main] (LuceneScorer.java:110) - tweeturl:Thanks  Clever Network for a fun party  and congratulations to the winners      stylebymethod
2015-06-18  INFO [main] (LuceneScorer.java:110) - tweetcountid:7902
2015-06-18  INFO [main] (LuceneScorer.java:110) - tweeturl:Happy Ramadhan everyone   Do you say happy   Anyway  I hope that Allah will give you a blessed month and will guide you through the fasting 
2015-06-18  INFO [main] (LuceneScorer.java:110) - tweetcountid:7903
2015-06-18  INFO [main] (LuceneScorer.java:110) - tweeturl:Stop muna  Need sleep energy for tomorrow   TurnOffTuesday  Goodnights     
2015-06-18  INFO [main] (LuceneScorer.java:110) - tweetcountid:7904
2015-06-18  INFO [main] (LuceneScorer.java:110) - tweeturl: Jiggy Jas lol ain t got time
2015-06-18  INFO [main] (LuceneScorer.java:110) - tweetcountid:7905
2015-06-18  INFO [main] (LuceneScorer.java:110) - tweeturl: SoarMich thanks            
2015-06-18  INFO [main] (LuceneScorer.java:110) - tweetcountid:7906
2015-06-18  INFO [main] (LuceneScorer.java:110) - tweeturl: harrydyIan omg she s from mamamoo  I just started listening to them
2015-06-18  INFO [main] (LuceneScorer.java:110) - tweetcountid:7907
2015-06-18  INFO [main] (LuceneScorer.java:110) - tweeturl:So hard to on the fucking aircond  Fucking christ sake mann 
2015-06-18  INFO [main] (LuceneScorer.java:110) - tweetcountid:7908
2015-06-18  INFO [main] (LuceneScorer.java:110) - tweeturl:RT  CairoOf300  I can t surround myself with people that have no goals or ambitions 
2015-06-18  INFO [main] (LuceneScorer.java:110) - tweetcountid:7909
2015-06-18  INFO [main] (LuceneScorer.java:110) - tweeturl:I literally cannot wait to start my career  I feel like I m gonna love it bc it s so interesting to me
2015-06-18  INFO [main] (LuceneScorer.java:110) - tweetcountid:7910
2015-06-18  INFO [main] (LuceneScorer.java:110) - tweeturl: sarahjschwartz well this is just embarrassing now
2015-06-18  INFO [main] (LuceneScorer.java:110) - tweetcountid:7911
2015-06-18  INFO [main] (LuceneScorer.java:110) - tweeturl:RT  abertillerycomp   abertillerycomp ICT team in action http   t co t0idWFGVhk
2015-06-18  INFO [main] (LuceneScorer.java:110) - tweetcountid:7912
2015-06-18  INFO [main] (LuceneScorer.java:110) - tweeturl: mynash4  Nashgrier good luck 
2015-06-18  INFO [main] (LuceneScorer.java:110) - tweetcountid:7913
2015-06-18  INFO [main] (LuceneScorer.java:110) - tweeturl:RT  PlaysRandome  http   t co 4sqs6vIuwm go go go I ll be on three rounds only  Minecraft  STEFAN70125993 and I m not skyping
2015-06-18  INFO [main] (LuceneScorer.java:110) - tweetcountid:7914
2015-06-18  INFO [main] (LuceneScorer.java:110) - tweeturl: MFollowill why didn t marion play at all in finals  is he secretly hurt  we all say him contribute last yr  he doesn t suck within a year 
2015-06-18  INFO [main] (LuceneScorer.java:110) - tweetcountid:7915
2015-06-18  INFO [main] (LuceneScorer.java:110) - tweeturl:RT  SaidKarmouz  Hello friends how r u today         Said Karmouz  Said The5
2015-06-18  INFO [main] (LuceneScorer.java:110) - tweetcountid:7916
2015-06-18  INFO [main] (LuceneScorer.java:110) - tweeturl:RT  sirhasani  I can scratch  DominicanRepublic off my to places to visit list  If you don t respect black people  then you don t need my t 
2015-06-18  INFO [main] (LuceneScorer.java:110) - tweetcountid:7917
2015-06-18  INFO [main] (LuceneScorer.java:110) - tweeturl:VALENITE CAT 50 MORSE TAPER  3 HOLDER 2 5  PRO QTY1 V50CT 3M  LOC1749  http   t co NVqWp0fjhz http   t co Jb3VD8uAGp
2015-06-18  INFO [main] (LuceneScorer.java:110) - tweetcountid:7918
2015-06-18  INFO [main] (LuceneScorer.java:110) - tweeturl:RT  girlposts  i dont even remember getting boobs tho like one morning i just woke up and wow what are these things    
2015-06-18  INFO [main] (LuceneScorer.java:110) - tweetcountid:7919
2015-06-18  INFO [main] (LuceneScorer.java:110) - tweeturl:RT  KerrangMagazine  This new  NBThieves track video for Trip Switch is all kinds of awesome  http   t co vgyJY1p3f3 http   t co ZRfdNT8Njr
2015-06-18  INFO [main] (LuceneScorer.java:110) - tweetcountid:7920
2015-06-18  INFO [main] (LuceneScorer.java:110) - tweeturl:You talking to me 
2015-06-18  INFO [main] (LuceneScorer.java:110) - tweetcountid:7921
2015-06-18  INFO [main] (LuceneScorer.java:110) - tweeturl:RT  MedievalReactss  When you re the first one to fall asleep so the squad start fucking with you http   t co 9OnmZTn1Ht
2015-06-18  INFO [main] (LuceneScorer.java:110) - tweetcountid:7922
2015-06-18  INFO [main] (LuceneScorer.java:110) - tweeturl:Company profile WELDING SHOP  INC    http   t co iwdNTcGUBM   WELDING  SHOP   INC 
2015-06-18  INFO [main] (LuceneScorer.java:110) - tweetcountid:7923
2015-06-18  INFO [main] (LuceneScorer.java:110) - tweeturl:I really do love that vine so much   it s so funny at the end when Jacks  Ethan and Nash start singing it      https   t co oC3IRsl6Ud
2015-06-18  INFO [main] (LuceneScorer.java:110) - tweetcountid:7924
2015-06-18  INFO [main] (LuceneScorer.java:110) - tweeturl:White is my favourite colour   I deffinately have too many white clothes I need to stop             
2015-06-18  INFO [main] (LuceneScorer.java:110) - tweetcountid:7925
2015-06-18  INFO [main] (LuceneScorer.java:110) - tweeturl:Bon Jovi  Always  NowPlaying on ZanZanA MetaL WebRadiO listenlive
2015-06-18  INFO [main] (LuceneScorer.java:110) - tweetcountid:7926
2015-06-18  INFO [main] (LuceneScorer.java:110) - tweeturl:RT  PIB India  Please retweet  if you agree  Benefits of  Yoga     YogaDay http   t co 6V7wshfXvf
2015-06-18  INFO [main] (LuceneScorer.java:110) - tweetcountid:7927
2015-06-18  INFO [main] (LuceneScorer.java:110) - tweeturl:RT  AmazonUK  Retweet and hit  Enter  below   you could  win an  XboxOne  E3 Bundle  T Cs  http   t co TurpOxBtpi  XboxE3  xboxuk https   t 
2015-06-18  INFO [main] (LuceneScorer.java:110) - tweetcountid:7928
2015-06-18  INFO [main] (LuceneScorer.java:110) - tweeturl: L ArmiTstead Hope you re all mended very quickly
2015-06-18  INFO [main] (LuceneScorer.java:110) - tweetcountid:7929
2015-06-18  INFO [main] (LuceneScorer.java:110) - tweeturl:The Bayonne Bridge will be closed tonight from 8 30pm until 5 am  Plan alternate route 
2015-06-18  INFO [main] (LuceneScorer.java:110) - tweetcountid:7930
2015-06-18  INFO [main] (LuceneScorer.java:110) - tweeturl:RT  MedievaIProbs  Barber   what you after mate   Me   just spruce me up a bit   Barber   say no more fam  http   t co CQ4ZuWhMN0
2015-06-18  INFO [main] (LuceneScorer.java:110) - tweetcountid:7931
2015-06-18  INFO [main] (LuceneScorer.java:110) - tweeturl:RT  HornyFacts  life is too short   http   t co 2Ku64SRXa5
2015-06-18  INFO [main] (LuceneScorer.java:110) - tweetcountid:7932
2015-06-18  INFO [main] (LuceneScorer.java:110) - tweeturl:How does it feel to be the 2x in x     2x as x      
2015-06-18  INFO [main] (LuceneScorer.java:110) - tweetcountid:7933
2015-06-18  INFO [main] (LuceneScorer.java:110) - tweeturl:RT  peyytonn   Happy bday tome ur so old 3 http   t co zW2XAwfbYb
2015-06-18  INFO [main] (LuceneScorer.java:110) - tweetcountid:7934
2015-06-18  INFO [main] (LuceneScorer.java:110) - tweeturl:RT  jaefromvine  Beyonc     I d rather Go blind                                                                         
2015-06-18  INFO [main] (LuceneScorer.java:110) - tweetcountid:7935
2015-06-18  INFO [main] (LuceneScorer.java:110) - tweeturl:RT  LeMall Lb  Retweet this post tagging your food partner to win vouchers from Ichiban  Winners will be announced tomorrow  http   t co T0 
2015-06-18  INFO [main] (LuceneScorer.java:110) - tweetcountid:7936
2015-06-18  INFO [main] (LuceneScorer.java:110) - tweeturl:RT  kimball probs  Time for us to come together and  prayfortheboys You may not know them personally but you do go to the same school as th 
2015-06-18  INFO [main] (LuceneScorer.java:110) - tweetcountid:7937
2015-06-18  INFO [main] (LuceneScorer.java:110) - tweeturl:Come and be part of The BINGBING  Fab place to Showcase your Content  Catch the Trend  Connect to Friends  http   t co FAgu5qaLeY  
2015-06-18  INFO [main] (LuceneScorer.java:110) - tweetcountid:7938
2015-06-18  INFO [main] (LuceneScorer.java:110) - tweeturl:RT  JessLiliot  Happy birthday to one of the loves of my life     Mum loves you so much LILOU    http   t co 3gHpEyxr0D
2015-06-18  INFO [main] (LuceneScorer.java:110) - tweetcountid:7939
2015-06-18  INFO [main] (LuceneScorer.java:110) - tweeturl:RT  Iam3GJUJU  I m to real ain t no question
2015-06-18  INFO [main] (LuceneScorer.java:110) - tweetcountid:7940
2015-06-18  INFO [main] (LuceneScorer.java:110) - tweeturl:RT  johnmoe  Has anyone considered the possibility that these escaped prisoners don t WANT to be caught 
2015-06-18  INFO [main] (LuceneScorer.java:110) - tweetcountid:7941
2015-06-18  INFO [main] (LuceneScorer.java:110) - tweeturl:I just touched on them p  sy n  as     
2015-06-18  INFO [main] (LuceneScorer.java:110) - tweetcountid:7942
2015-06-18  INFO [main] (LuceneScorer.java:110) - tweeturl:RT  SciForbes  Triceratops had self sharpening teeth  http   t co A1GQMrJl8g http   t co VmgSS3JvKj
2015-06-18  INFO [main] (LuceneScorer.java:110) - tweetcountid:7943
2015-06-18  INFO [main] (LuceneScorer.java:110) - tweeturl:sure jan  https   t co f2NGjgpzOZ
2015-06-18  INFO [main] (LuceneScorer.java:110) - tweetcountid:7944
2015-06-18  INFO [main] (LuceneScorer.java:110) - tweeturl:RT  DaveMcIntyreNT  If there are people out there who decided to buy today s copy of the Star after seeing that front page I d love to hear 
2015-06-18  INFO [main] (LuceneScorer.java:110) - tweetcountid:7945
2015-06-18  INFO [main] (LuceneScorer.java:110) - tweeturl:My car had so many memories     
2015-06-18  INFO [main] (LuceneScorer.java:110) - tweetcountid:7946
2015-06-18  INFO [main] (LuceneScorer.java:110) - tweeturl:True love never fades   never goes to waste    never has a happy ending because through   through we become one another  Near or far 
2015-06-18  INFO [main] (LuceneScorer.java:110) - tweetcountid:7947
2015-06-18  INFO [main] (LuceneScorer.java:110) - tweeturl:RT  ZacharyBD  Adam Silver seems all for having Minneapolis host an All Star Game  but says  they haven t applied yet   Would be after TC i 
2015-06-18  INFO [main] (LuceneScorer.java:110) - tweetcountid:7948
2015-06-18  INFO [main] (LuceneScorer.java:110) - tweeturl:RT  AlbertM 1  People sleeping on him   https   t co J0tdLdncYl
2015-06-18  INFO [main] (LuceneScorer.java:110) - tweetcountid:7949
2015-06-18  INFO [main] (LuceneScorer.java:110) - tweeturl:RT  tayy tay11  Happy birthday gorgeous girl  Miss you lots       hope your day is great  love you       amayac c
2015-06-18  INFO [main] (LuceneScorer.java:110) - tweetcountid:7950
2015-06-18  INFO [main] (LuceneScorer.java:110) - tweeturl: Aeaka when is it 
2015-06-18  INFO [main] (LuceneScorer.java:110) - tweetcountid:7951
2015-06-18  INFO [main] (LuceneScorer.java:110) - tweeturl:      ginnyweaslettpo   I love you   everything about your account it s one of my faves   you re so lovely   kdjdjdnsm your tweets are amazing    
2015-06-18  INFO [main] (LuceneScorer.java:110) - tweetcountid:7952
2015-06-18  INFO [main] (LuceneScorer.java:110) - tweeturl:Closed Buy 0 1 Lots EURUSD 1 13139 for  17 9 pips  total for today  901 7 pips  forextrader  forexforbeginner  forexbestresult
2015-06-18  INFO [main] (LuceneScorer.java:110) - tweetcountid:7953
2015-06-18  INFO [main] (LuceneScorer.java:110) - tweeturl:RT  Limo alan  LMAO    SirAlexas                                      doclewisville I can run from Maasai Mara to Tsavo naked just to be with you  LexiDash    
2015-06-18  INFO [main] (LuceneScorer.java:110) - tweetcountid:7954
2015-06-18  INFO [main] (LuceneScorer.java:110) - tweeturl:RT  itbhwant  that Jada and that Will love http   t co kBi1qaJSHS
2015-06-18  INFO [main] (LuceneScorer.java:110) - tweetcountid:7955
2015-06-18  INFO [main] (LuceneScorer.java:110) - tweeturl:Foto  kyotocat  i am a little church  no great cathedral  far from the splendor and squalor of hurrying    http   t co eeaNtKKjKf
2015-06-18  INFO [main] (LuceneScorer.java:110) - tweetcountid:7956
2015-06-18  INFO [main] (LuceneScorer.java:110) - tweeturl:RT  fxnopinion    MarshaBlackburn increased access to affordable health care begins w  end of  ObamaCare http   t co bcWiYUu1tu http   t co 
2015-06-18  INFO [main] (LuceneScorer.java:110) - tweetcountid:7957
2015-06-18  INFO [main] (LuceneScorer.java:110) - tweeturl: carlos134069 i want to be a host on this youtube channel for game reviews   more would you be interested in subscribing  link in bio 
2015-06-18  INFO [main] (LuceneScorer.java:110) - tweetcountid:7958
2015-06-18  INFO [main] (LuceneScorer.java:110) - tweeturl:RT  theweeman77  Chambers Bay as close to  links  golf as you re ever going to find in the US  Course playing very hard and fast and it s o 
2015-06-18  INFO [main] (LuceneScorer.java:110) - tweetcountid:7959
2015-06-18  INFO [main] (LuceneScorer.java:110) - tweeturl: KidCalledLucy have a shower then 
2015-06-18  INFO [main] (LuceneScorer.java:110) - tweetcountid:7960
2015-06-18  INFO [main] (LuceneScorer.java:110) - tweeturl:RT  OccupyCleveland  First the US Airforce having to scale back Drone missions for the lack of console  pilots  now  https   t co QP9ikLc5Hv
2015-06-18  INFO [main] (LuceneScorer.java:110) - tweetcountid:7961
2015-06-18  INFO [main] (LuceneScorer.java:110) - tweeturl:RT  Drrake  Anyone that retweets a Twitter argument is the person in blue http   t co 4IdTcIgsNC
2015-06-18  INFO [main] (LuceneScorer.java:110) - tweetcountid:7962
2015-06-18  INFO [main] (LuceneScorer.java:110) - tweeturl: apeeeees seriously lmao we ve known each other all our lives basically     
2015-06-18  INFO [main] (LuceneScorer.java:110) - tweetcountid:7963
2015-06-18  INFO [main] (LuceneScorer.java:110) - tweeturl: Ra  diya smh   deleting a 10 10 tweet tbh
2015-06-18  INFO [main] (LuceneScorer.java:110) - tweetcountid:7964
2015-06-18  INFO [main] (LuceneScorer.java:110) - tweeturl:RT  fucktyler  HOW ARE YOU TODAY  I HOPE EVERYTHING IS AMAZING  TRY SOMETHING NEW TODAY   NOT HEROIN  AND FUCK THE WORLD             
2015-06-18  INFO [main] (LuceneScorer.java:110) - tweetcountid:7965
2015-06-18  INFO [main] (LuceneScorer.java:110) - tweeturl:Ain t worried about nothing
2015-06-18  INFO [main] (LuceneScorer.java:110) - tweetcountid:7966
2015-06-18  INFO [main] (LuceneScorer.java:110) - tweeturl: dscky0814 We are sorry to hear this  Please e mail us at  socialmedia skechers com
2015-06-18  INFO [main] (LuceneScorer.java:110) - tweetcountid:7967
2015-06-18  INFO [main] (LuceneScorer.java:110) - tweeturl:Lagos Pastor Who Is Married But  Firing  Girls Caught in The Act  See Photo    http   t co VupBeyZHHJ
2015-06-18  INFO [main] (LuceneScorer.java:110) - tweetcountid:7968
2015-06-18  INFO [main] (LuceneScorer.java:110) - tweeturl:RT  seinlanguage  Elaine   I will never understand people    Jerry   They re the worst  
2015-06-18  INFO [main] (LuceneScorer.java:110) - tweetcountid:7969
2015-06-18  INFO [main] (LuceneScorer.java:110) - tweeturl:Sequel already green lit  So Will It Be Called THE SECOND TO LAST WITCH HUNTER    via  aintitcoolnews  http   t co ECkrt2b31A
2015-06-18  INFO [main] (LuceneScorer.java:110) - tweetcountid:7970
2015-06-18  INFO [main] (LuceneScorer.java:110) - tweeturl:Gisele Bundchen flaunts her endless legs in Stuart Weitzman campaign   http   t co dTI9gQQGpJ via  Femail  gisele  loveher  stuartweitzman
2015-06-18  INFO [main] (LuceneScorer.java:110) - tweetcountid:7971
2015-06-18  INFO [main] (LuceneScorer.java:110) - tweeturl:RT  OneAngryGamerHD  Transformers Devastation Gameplay Is Fast And Dynamic    E32015  Xbox  PlayStation http   t co cwxNTvH7SJ http   t co  
2015-06-18  INFO [main] (LuceneScorer.java:110) - tweetcountid:7972
2015-06-18  INFO [main] (LuceneScorer.java:110) - tweeturl:LOVE shopping with my mom whos not crabby and isnt a bitch   fucking not
2015-06-18  INFO [main] (LuceneScorer.java:110) - tweetcountid:7973
2015-06-18  INFO [main] (LuceneScorer.java:110) - tweeturl:I m just really anxious 
2015-06-18  INFO [main] (LuceneScorer.java:110) - tweetcountid:7974
2015-06-18  INFO [main] (LuceneScorer.java:110) - tweeturl: ChristinaMaroc  WinceyWillis1 I will be the lucky one  I would so love a hooman to call my own    
2015-06-18  INFO [main] (LuceneScorer.java:110) - tweetcountid:7975
2015-06-18  INFO [main] (LuceneScorer.java:110) - tweeturl:RT  Levitt Matt  Israel warns Syrian rebels to stay away from Druze village   more on this soon  watch this space http   t co De3HV0HVE4
2015-06-18  INFO [main] (LuceneScorer.java:110) - tweetcountid:7976
2015-06-18  INFO [main] (LuceneScorer.java:110) - tweeturl:RT  syncromusik  Just a taster for this  Friday    AqwaMist  Syncro  Marbs  IAMREWIRE  iAmVARSKI                https   t co zIAIjNNzbM
2015-06-18  INFO [main] (LuceneScorer.java:110) - tweetcountid:7977
2015-06-18  INFO [main] (LuceneScorer.java:110) - tweeturl:RT  TheRealCSTAX  People take my kindness for weakness 
2015-06-18  INFO [main] (LuceneScorer.java:110) - tweetcountid:7978
2015-06-18  INFO [main] (LuceneScorer.java:110) - tweeturl:RT  JSS98Rock  Alfred Rodrigues  Pearl Harbor Survivor  Navy man  overall best person I ve ever met   GreatestGeneration http   t co x64Aza 
2015-06-18  INFO [main] (LuceneScorer.java:110) - tweetcountid:7979
2015-06-18  INFO [main] (LuceneScorer.java:110) - tweeturl:Scrabble is now banned from our marriage   tension  cantcope  hatelosingagainstmyhusband
2015-06-18  INFO [main] (LuceneScorer.java:110) - tweetcountid:7980
2015-06-18  INFO [main] (LuceneScorer.java:110) - tweeturl: jake yakoub  KaiteeeJ yeah me too and zuriel also said that
2015-06-18  INFO [main] (LuceneScorer.java:110) - tweetcountid:7981
2015-06-18  INFO [main] (LuceneScorer.java:110) - tweeturl: AIl Yours Welcome The World s Largest Invest 2015 the new crypto currency 4 you https   t co 7kWLsTMwrE or http   t co BIp2nwytFP
2015-06-18  INFO [main] (LuceneScorer.java:110) - tweetcountid:7982
2015-06-18  INFO [main] (LuceneScorer.java:110) - tweeturl:Minecraft Stranded Deep  http   t co ob7myqx0LH
2015-06-18  INFO [main] (LuceneScorer.java:110) - tweetcountid:7983
2015-06-18  INFO [main] (LuceneScorer.java:110) - tweeturl:RT  ProjectBuddy  Mental disorders can t be cured with simple words http   t co Hlat3m5U3n
2015-06-18  INFO [main] (LuceneScorer.java:110) - tweetcountid:7984
2015-06-18  INFO [main] (LuceneScorer.java:110) - tweeturl:7 RTS FOR ANOTHER            
2015-06-18  INFO [main] (LuceneScorer.java:110) - tweetcountid:7985
2015-06-18  INFO [main] (LuceneScorer.java:110) - tweeturl:RT  ItsJennaMarbles  Stress level  princess Mia driving the stang http   t co Sj4N5cePGR
2015-06-18  INFO [main] (LuceneScorer.java:110) - tweetcountid:7986
2015-06-18  INFO [main] (LuceneScorer.java:110) - tweeturl:RT  sert siker88   bestshakeass  Notmeatall3  Giovannini8  XSoSinsationalX  hornygeordie2  hawtgasm  BWhiteeye  annalovecum   chokmor follo 
2015-06-18  INFO [main] (LuceneScorer.java:110) - tweetcountid:7987
2015-06-18  INFO [main] (LuceneScorer.java:110) - tweeturl: hypeduphalsey this is my biggest accomplishment probably
2015-06-18  INFO [main] (LuceneScorer.java:110) - tweetcountid:7988
2015-06-18  INFO [main] (LuceneScorer.java:110) - tweeturl:Check my recent tweet lololol
2015-06-18  INFO [main] (LuceneScorer.java:110) - tweetcountid:7989
2015-06-18  INFO [main] (LuceneScorer.java:110) - tweeturl:The New York Dogs
2015-06-18  INFO [main] (LuceneScorer.java:110) - tweetcountid:7990
2015-06-18  INFO [main] (LuceneScorer.java:110) - tweeturl:RT  Token Geezer  You people who  don t give a fuck  should see my 2 year old when I m trying to tell her what to do   You re amateurs
2015-06-18  INFO [main] (LuceneScorer.java:110) - tweetcountid:7991
2015-06-18  INFO [main] (LuceneScorer.java:110) - tweeturl:RT   LaySamara  cyn so badddd    
2015-06-18  INFO [main] (LuceneScorer.java:110) - tweetcountid:7992
2015-06-18  INFO [main] (LuceneScorer.java:110) - tweeturl: yoongimafia  hoseokmafia     no leave that for hoseok and recently jiho      
2015-06-18  INFO [main] (LuceneScorer.java:110) - tweetcountid:7993
2015-06-18  INFO [main] (LuceneScorer.java:110) - tweeturl:RT  NitroCircus  Steve mini was a crowd favorite in Budapest  Way to hold onto this one bud   NitroCircus http   t co IUUDptLa9a
2015-06-18  INFO [main] (LuceneScorer.java:110) - tweetcountid:7994
2015-06-18  INFO [main] (LuceneScorer.java:110) - tweeturl:yo twitter I made a mixtape with a bunch of new beats  most of em on my EP with  SATURATERECORDS out next Tuesday  https   t co Pe7Z9Mvei2
2015-06-18  INFO [main] (LuceneScorer.java:110) - tweetcountid:7995
2015-06-18  INFO [main] (LuceneScorer.java:110) - tweeturl:RT  jaeleaskehan  Why paraphrase when you can take a pic  A level 5 crisis system via  davidwcovington  IASP2015 http   t co UHwiDgHgmA
2015-06-18  INFO [main] (LuceneScorer.java:110) - tweetcountid:7996
2015-06-18  INFO [main] (LuceneScorer.java:110) - tweeturl:I need to bake a cake and eat the entire thing
2015-06-18  INFO [main] (LuceneScorer.java:110) - tweetcountid:7997
2015-06-18  INFO [main] (LuceneScorer.java:110) - tweeturl:dude said he trade boy mike woods         
2015-06-18  INFO [main] (LuceneScorer.java:110) - tweetcountid:7998
2015-06-18  INFO [main] (LuceneScorer.java:110) - tweeturl:RT  HoodedHermes  RT if you re average looking but gorgeous on the inside 
2015-06-18  INFO [main] (LuceneScorer.java:110) - tweetcountid:7999
2015-06-18  INFO [main] (LuceneScorer.java:110) - tweeturl: Princess Diaries 3  Is Happening  6 Things We Need To See http   t co RBilBMElvP via  MTVNews
2015-06-18  INFO [main] (LuceneScorer.java:110) - tweetcountid:8000
2015-06-18  INFO [main] (LuceneScorer.java:110) - tweeturl: itsDeeRock better jump in that shower with them socks papa            
2015-06-18  INFO [main] (LuceneScorer.java:110) - tweetcountid:8001
2015-06-18  INFO [main] (LuceneScorer.java:110) - tweeturl:RT  TheLifeSayin  Life is too short to settle for someone who doesn t know what they want 
2015-06-18  INFO [main] (LuceneScorer.java:110) - tweetcountid:8002
2015-06-18  INFO [main] (LuceneScorer.java:110) - tweeturl: melowdee  WellDoneBooks I just had a look and it says that the paperback is released on the 13th  So just 5 days later   
2015-06-18  INFO [main] (LuceneScorer.java:110) - tweetcountid:8003
2015-06-18  INFO [main] (LuceneScorer.java:110) - tweeturl:RT  erwinjones    TrentBridge is such a lovely polite cricket ground  ENGvNZ http   t co O6VKErtutT
2015-06-18  INFO [main] (LuceneScorer.java:110) - tweetcountid:8004
2015-06-18  INFO [main] (LuceneScorer.java:110) - tweeturl:RT  dawnchats  Our final  GetSaucy winner is coming up  Retweet if you are excited   ad
2015-06-18  INFO [main] (LuceneScorer.java:110) - tweetcountid:8005
2015-06-18  INFO [main] (LuceneScorer.java:110) - tweeturl: Amdee Ashvik Nahhhh jao I won t talk                
2015-06-18  INFO [main] (LuceneScorer.java:110) - tweetcountid:8006
2015-06-18  INFO [main] (LuceneScorer.java:110) - tweeturl:RT  HilaryDuff  Hope soooo   https   t co nw3xtYwM0y
2015-06-18  INFO [main] (LuceneScorer.java:110) - tweetcountid:8007
2015-06-18  INFO [main] (LuceneScorer.java:110) - tweeturl: ju popov poor thing
2015-06-18  INFO [main] (LuceneScorer.java:110) - tweetcountid:8008
2015-06-18  INFO [main] (LuceneScorer.java:110) - tweeturl:     Dear        Ashton5SOS       I love you      I know you read this a lot        but i d be happy if you followed me       Goodbye   marysidea x13
2015-06-18  INFO [main] (LuceneScorer.java:110) - tweetcountid:8009
2015-06-18  INFO [main] (LuceneScorer.java:110) - tweeturl:I m ready for spring  Already over winter
2015-06-18  INFO [main] (LuceneScorer.java:110) - tweetcountid:8010
2015-06-18  INFO [main] (LuceneScorer.java:110) - tweeturl:RT  elinorbarker  Enjoyed spending the day in the break but it wasn t meant to be  Getting caught in the last few hundred metres was not mu 
2015-06-18  INFO [main] (LuceneScorer.java:110) - tweetcountid:8011
2015-06-18  INFO [main] (LuceneScorer.java:110) - tweeturl: JenniferRaff oh nooooo all your friennnnnnds
2015-06-18  INFO [main] (LuceneScorer.java:110) - tweetcountid:8012
2015-06-18  INFO [main] (LuceneScorer.java:110) - tweeturl:me and  izadork69 think way too hard about everything ever
2015-06-18  INFO [main] (LuceneScorer.java:110) - tweetcountid:8013
2015-06-18  INFO [main] (LuceneScorer.java:110) - tweeturl:RT  zsanchez105  Sore af            
2015-06-18  INFO [main] (LuceneScorer.java:110) - tweetcountid:8014
2015-06-18  INFO [main] (LuceneScorer.java:110) - tweeturl:That s right  Brother    http   t co 4qVUyJBYPV
2015-06-18  INFO [main] (LuceneScorer.java:110) - tweetcountid:8015
2015-06-18  INFO [main] (LuceneScorer.java:110) - tweeturl: ArabelleM MRPG  she waves back  smiling at the girl  hi  I m Amber 
2015-06-18  INFO [main] (LuceneScorer.java:110) - tweetcountid:8016
2015-06-18  INFO [main] (LuceneScorer.java:110) - tweeturl:RT  LovingFacz  Rachel Bilsons Weight Busting Cleanse Revealed          Her Secret to Dropping Belly Fat FAST          http   t co ejwMNlMHRS http   t  
2015-06-18  INFO [main] (LuceneScorer.java:110) - tweetcountid:8017
2015-06-18  INFO [main] (LuceneScorer.java:110) - tweeturl:RT  clemente carl  Liverpool s Emre Can with a Gerrard  like finish https   t co DZ8S75MLap  LFC
2015-06-18  INFO [main] (LuceneScorer.java:110) - tweetcountid:8018
2015-06-18  INFO [main] (LuceneScorer.java:110) - tweeturl:RT  LovingFacz  Rachel Bilsons Weight Busting Cleanse Revealed          Her Secret to Dropping Belly Fat FAST          http   t co ejwMNlMHRS http   t  
2015-06-18  INFO [main] (LuceneScorer.java:110) - tweetcountid:8019
2015-06-18  INFO [main] (LuceneScorer.java:110) - tweeturl:I found a choker      http   t co fPI0dYyKfa
2015-06-18  INFO [main] (LuceneScorer.java:110) - tweetcountid:8020
2015-06-18  INFO [main] (LuceneScorer.java:110) - tweeturl:First of it s kind in Southern California  Valley FriendshipCircle Girls Summer Circle http   t co 8YvuO9RDsx
2015-06-18  INFO [main] (LuceneScorer.java:110) - tweetcountid:8021
2015-06-18  INFO [main] (LuceneScorer.java:110) - tweeturl:RT  thepennyhoarder  Ponytail Profits  This Woman Made  82 Selling Her Hair on eBay http   t co FA70vcRra9 http   t co f19hPTolv8
2015-06-18  INFO [main] (LuceneScorer.java:110) - tweetcountid:8022
2015-06-18  INFO [main] (LuceneScorer.java:110) - tweeturl:RT  LisetteBrodey  Sometimes  the biggest secrets are kept from the secret keepers  http   t co SGZWxTDsGd                        comingofage     http   t 
2015-06-18  INFO [main] (LuceneScorer.java:110) - tweetcountid:8023
2015-06-18  INFO [main] (LuceneScorer.java:110) - tweeturl:Cannot even touch my packing until I rinse this out my hair  or I ll dye everything knowing my luck
2015-06-18  INFO [main] (LuceneScorer.java:110) - tweetcountid:8024
2015-06-18  INFO [main] (LuceneScorer.java:110) - tweeturl:RT  pakalupapito  ive got 99 problems and im not dealing with any of them
2015-06-18  INFO [main] (LuceneScorer.java:110) - tweetcountid:8025
2015-06-18  INFO [main] (LuceneScorer.java:110) - tweeturl:RT  jayaah   de chon funny yo            
2015-06-18  INFO [main] (LuceneScorer.java:110) - tweetcountid:8026
2015-06-18  INFO [main] (LuceneScorer.java:110) - tweeturl: candacepoker lol this tweet can t be real
2015-06-18  INFO [main] (LuceneScorer.java:110) - tweetcountid:8027
2015-06-18  INFO [main] (LuceneScorer.java:110) - tweeturl:RT  JosephDevries  Westfield          http   t co 62bwinTOl7
2015-06-18  INFO [main] (LuceneScorer.java:110) - tweetcountid:8028
2015-06-18  INFO [main] (LuceneScorer.java:110) - tweeturl:Lappir when will you get health  I am so dying without ya
2015-06-18  INFO [main] (LuceneScorer.java:110) - tweetcountid:8029
2015-06-18  INFO [main] (LuceneScorer.java:110) - tweeturl:I walked 8 24 km with  mapmywalk  Check out my route in Roscommon  C  Ireland  http   t co 07VMsiaf6G  walk  walking
2015-06-18  INFO [main] (LuceneScorer.java:110) - tweetcountid:8030
2015-06-18  INFO [main] (LuceneScorer.java:110) - tweeturl:If you want your feed filled with gorgeous astronomy photos  you gotta follow  AntonioParis   protip
2015-06-18  INFO [main] (LuceneScorer.java:110) - tweetcountid:8031
2015-06-18  INFO [main] (LuceneScorer.java:110) - tweeturl:RT  joeykidney  Shampoo just went straight up my nose   I don t know if I m going to be high all day or just have a really clean sniffer
2015-06-18  INFO [main] (LuceneScorer.java:110) - tweetcountid:8032
2015-06-18  INFO [main] (LuceneScorer.java:110) - tweeturl:I have no caption  https   t co sHkZ6POi4T
2015-06-18  INFO [main] (LuceneScorer.java:110) - tweetcountid:8033
2015-06-18  INFO [main] (LuceneScorer.java:110) - tweeturl: brandithelen The shows way better with Her and Her daughter Sophia   I dnt  think its  fair 2 say that 
2015-06-18  INFO [main] (LuceneScorer.java:110) - tweetcountid:8034
2015-06-18  INFO [main] (LuceneScorer.java:110) - tweeturl:RT  iDamonAndElena  How can someone hate on this sweet cupcake   I don t get it http   t co tm4P57Y1f4
2015-06-18  INFO [main] (LuceneScorer.java:110) - tweetcountid:8035
2015-06-18  INFO [main] (LuceneScorer.java:110) - tweeturl:RT  heathersnays  TAYLOR SCHILLING IS NOT PIPER CHAPMAN  TAYLOR SCHILLING IS NOT PIPER CHAPMAN   TAYLOR SCHILLING IS NOT PIPER CHAPMAN   ST 
2015-06-18  INFO [main] (LuceneScorer.java:110) - tweetcountid:8036
2015-06-18  INFO [main] (LuceneScorer.java:110) - tweeturl:RT  public archive  Black child in the rainforest  http   t co UWgsGGaT9o
2015-06-18  INFO [main] (LuceneScorer.java:110) - tweetcountid:8037
2015-06-18  INFO [main] (LuceneScorer.java:110) - tweeturl:RT  TheLadBible  Just some guy laughing on his own http   t co TRqwxUckHb
2015-06-18  INFO [main] (LuceneScorer.java:110) - tweetcountid:8038
2015-06-18  INFO [main] (LuceneScorer.java:110) - tweeturl: CDWSe7xn  shrugs and zips my mouth 
2015-06-18  INFO [main] (LuceneScorer.java:110) - tweetcountid:8039
2015-06-18  INFO [main] (LuceneScorer.java:110) - tweeturl:Bought  EURUSD 1 13319   Auto copy  trade FREE with  Forex at http   t co 4Xd5BzwVfP  Finance  Money  news  fx  ff  rt
2015-06-18  INFO [main] (LuceneScorer.java:110) - tweetcountid:8040
2015-06-18  INFO [main] (LuceneScorer.java:110) - tweeturl:by kaylaannebear http   t co JauqWrl6S7 Smithers weekend  treeplanting  hybrid17 http   t co Jz6U9eAPZc
2015-06-18  INFO [main] (LuceneScorer.java:110) - tweetcountid:8041
2015-06-18  INFO [main] (LuceneScorer.java:110) - tweeturl:Brooklyn Center CHERRY   A1039477   PREGNANT   FEMALE  GRAY TABBY   WHITE  DOMESTIC SH MIX 2 yrs STRAY   STRAY    http   t co 1ewyA2OY5F
2015-06-18  INFO [main] (LuceneScorer.java:110) - tweetcountid:8042
2015-06-18  INFO [main] (LuceneScorer.java:110) - tweeturl:LIAM TJOUGHT HE WAS GOING TO TWIST HIS NIPLEL http   t co 89UbHTIUxg
2015-06-18  INFO [main] (LuceneScorer.java:110) - tweetcountid:8043
2015-06-18  INFO [main] (LuceneScorer.java:110) - tweeturl:RT  fxckiness  Retweet to gain just follow everyone who retweets and follow back who ever follows you   Must follow  PrlncessM3ndes to be n 
2015-06-18  INFO [main] (LuceneScorer.java:110) - tweetcountid:8044
2015-06-18  INFO [main] (LuceneScorer.java:110) - tweeturl: ellie mcghee sorry bout it
2015-06-18  INFO [main] (LuceneScorer.java:110) - tweetcountid:8045
2015-06-18  INFO [main] (LuceneScorer.java:110) - tweeturl:Drove  dadscar today   Alfa  alfaromeo  mito  cloverleaf https   t co wP9PVxjpMD
2015-06-18  INFO [main] (LuceneScorer.java:110) - tweetcountid:8046
2015-06-18  INFO [main] (LuceneScorer.java:110) - tweeturl:Look   FRAMEX
2015-06-18  INFO [main] (LuceneScorer.java:110) - tweetcountid:8047
2015-06-18  INFO [main] (LuceneScorer.java:110) - tweeturl:Maybe if we loved ourselves it wouldn t be so hard to love each other
2015-06-18  INFO [main] (LuceneScorer.java:110) - tweetcountid:8048
2015-06-18  INFO [main] (LuceneScorer.java:110) - tweeturl: Jon Troupe4 there s no need to be sneaky when you re a good person who s has enough with one man s attention
2015-06-18  INFO [main] (LuceneScorer.java:110) - tweetcountid:8049
2015-06-18  INFO [main] (LuceneScorer.java:110) - tweeturl:RT  95foreva   Jen where is you
2015-06-18  INFO [main] (LuceneScorer.java:110) - tweetcountid:8050
2015-06-18  INFO [main] (LuceneScorer.java:110) - tweeturl:LeBron James can t deliver NBA title in first season back in Cleveland despite       Montreal Gazette http   t co ghtLqVtrNH  google  sport
2015-06-18  INFO [main] (LuceneScorer.java:110) - tweetcountid:8051
2015-06-18  INFO [main] (LuceneScorer.java:110) - tweeturl:RT  NHL  What does winning the  StanleyCup sound like   Watch  Listen  https   t co t9vUBFzrQj
2015-06-18  INFO [main] (LuceneScorer.java:110) - tweetcountid:8052
2015-06-18  INFO [main] (LuceneScorer.java:110) - tweeturl:Listening to Empowering and Inspiring Women Globally Through The    by DiannaBelleRose http   t co l4CyB0rjQo
2015-06-18  INFO [main] (LuceneScorer.java:110) - tweetcountid:8053
2015-06-18  INFO [main] (LuceneScorer.java:110) - tweeturl:RT  803 E30  Coachella turn up  lilbthebasedgod  Vine by  lilfacetatt  https   t co BOxPLRR1Uw
2015-06-18  INFO [main] (LuceneScorer.java:110) - tweetcountid:8054
2015-06-18  INFO [main] (LuceneScorer.java:110) - tweeturl:RT  thenikhilkapur  Of course  Lil  Wayne isn t his real name  It s Lillian Waynard 
2015-06-18  INFO [main] (LuceneScorer.java:110) - tweetcountid:8055
2015-06-18  INFO [main] (LuceneScorer.java:110) - tweeturl:one person unfollowed me    automatically checked by http   t co xvX6aHIHJA
2015-06-18  INFO [main] (LuceneScorer.java:110) - tweetcountid:8056
2015-06-18  INFO [main] (LuceneScorer.java:110) - tweeturl:the kitten lays on its back  pawing the air
2015-06-18  INFO [main] (LuceneScorer.java:110) - tweetcountid:8057
2015-06-18  INFO [main] (LuceneScorer.java:110) - tweeturl:RT  Iyanna1   Some Females be doing the most for their boyfriends contact name lmfao         
2015-06-18  INFO [main] (LuceneScorer.java:110) - tweetcountid:8058
2015-06-18  INFO [main] (LuceneScorer.java:110) - tweeturl:      NastiMinas      bio  1000000 5 layout  4 5 username  4 5
2015-06-18  INFO [main] (LuceneScorer.java:110) - tweetcountid:8059
2015-06-18  INFO [main] (LuceneScorer.java:110) - tweeturl:Please help stop the  YulinDogMeatFestival https   t co yjpzAwzQrK  
2015-06-18  INFO [main] (LuceneScorer.java:110) - tweetcountid:8060
2015-06-18  INFO [main] (LuceneScorer.java:110) - tweeturl: darrenstop I agree      thank you  
2015-06-18  INFO [main] (LuceneScorer.java:110) - tweetcountid:8061
2015-06-18  INFO [main] (LuceneScorer.java:110) - tweeturl:10 Famous Logos That Have A True Hidden Message https   t co l0zY8HRLtP
2015-06-18  INFO [main] (LuceneScorer.java:110) - tweetcountid:8062
2015-06-18  INFO [main] (LuceneScorer.java:110) - tweeturl:Discussing books and life with Charlie  who almost looks interested   CatsOfTwitter  petlove  booklove  bookaddict http   t co 1fd2JY5U3S
2015-06-18  INFO [main] (LuceneScorer.java:110) - tweetcountid:8063
2015-06-18  INFO [main] (LuceneScorer.java:110) - tweeturl:RT  RenewUSTweets  MT  Ministry4u  God s promises are like the stars       RenewUS   PJNET   http   t co PQ9k3V3XWh
2015-06-18  INFO [main] (LuceneScorer.java:110) - tweetcountid:8064
2015-06-18  INFO [main] (LuceneScorer.java:110) - tweeturl:RT FOR MORE  SelenaForMMVA
2015-06-18  INFO [main] (LuceneScorer.java:110) - tweetcountid:8065
2015-06-18  INFO [main] (LuceneScorer.java:110) - tweeturl: denarrodriguez lmao good             
2015-06-18  INFO [main] (LuceneScorer.java:110) - tweetcountid:8066
2015-06-18  INFO [main] (LuceneScorer.java:110) - tweeturl:RT  HomeFixated  LED HP  MilwaukeeTool Flood Light blows away old skool 500 watt  finger burning work lights   NPS15 http   t co 7cG4J3gCpf
2015-06-18  INFO [main] (LuceneScorer.java:110) - tweetcountid:8067
2015-06-18  INFO [main] (LuceneScorer.java:110) - tweeturl:WHITE PUBLIC SCHOOL BE LIKE http   t co R7igucahNd
2015-06-18  INFO [main] (LuceneScorer.java:110) - tweetcountid:8068
2015-06-18  INFO [main] (LuceneScorer.java:110) - tweeturl:RT  capetownbrown  Yes  race is a social construct  Yes  black people have been systemically targeted and mistreated because of race since  
2015-06-18  INFO [main] (LuceneScorer.java:110) - tweetcountid:8069
2015-06-18  INFO [main] (LuceneScorer.java:110) - tweeturl:Not trying to have beef with anyone anymore  It s not worth it 
2015-06-18  INFO [main] (LuceneScorer.java:110) - tweetcountid:8070
2015-06-18  INFO [main] (LuceneScorer.java:110) - tweeturl: LilyPichu Can t wait  Hope you feel better 
2015-06-18  INFO [main] (LuceneScorer.java:110) - tweetcountid:8071
2015-06-18  INFO [main] (LuceneScorer.java:110) - tweeturl:Even the  best player in the world  couldn t do it by himself  He needs to  striveforanewteam
2015-06-18  INFO [main] (LuceneScorer.java:110) - tweetcountid:8072
2015-06-18  INFO [main] (LuceneScorer.java:110) - tweeturl:RT  savegrassroots  A country that invented the game of football we are miles behind others WHY because of lack of proper investment http   
2015-06-18  INFO [main] (LuceneScorer.java:110) - tweetcountid:8073
2015-06-18  INFO [main] (LuceneScorer.java:110) - tweeturl:Why do you feel so mentally tired  Take the quiz  http   t co 6uo2MoIxje http   t co wO8SZjLhs1
2015-06-18  INFO [main] (LuceneScorer.java:110) - tweetcountid:8074
2015-06-18  INFO [main] (LuceneScorer.java:110) - tweeturl:RT  HogwartsLogics  THIS http   t co yghNvvV8Nn
2015-06-18  INFO [main] (LuceneScorer.java:110) - tweetcountid:8075
2015-06-18  INFO [main] (LuceneScorer.java:110) - tweeturl:RT  NiallOfficial  Oh Hello chest infection      
2015-06-18  INFO [main] (LuceneScorer.java:110) - tweetcountid:8076
2015-06-18  INFO [main] (LuceneScorer.java:110) - tweeturl:RT  Sexudaily  Whoever I end up with is going to be lucky because I ve done so much for the wrong people  I can only imagine what I ll do f 
2015-06-18  INFO [main] (LuceneScorer.java:110) - tweetcountid:8077
2015-06-18  INFO [main] (LuceneScorer.java:110) - tweeturl: JakeJMitchell  askjake did you get the things I sent you       
2015-06-18  INFO [main] (LuceneScorer.java:110) - tweetcountid:8078
2015-06-18  INFO [main] (LuceneScorer.java:110) - tweeturl:RT  BIGMONEYMIKE6  LMFAO      THE LIL NEWBIE HATERS ARE TELLIN ME    HKUP IS THE BOMB        THEY HAVE NO IDEA WHAT THE HELL THEY RE TALKIN 
2015-06-18  INFO [main] (LuceneScorer.java:110) - tweetcountid:8079
2015-06-18  INFO [main] (LuceneScorer.java:110) - tweeturl:When a random stranger sits next to you at kohls and you re too awkward to make conversation cuz you re stuck up and have the hiccups 
2015-06-18  INFO [main] (LuceneScorer.java:110) - tweetcountid:8080
2015-06-18  INFO [main] (LuceneScorer.java:110) - tweeturl: paulmgardner  justin fenton  lukebroadwater Sure  I m wondering what the main objection is though 
2015-06-18  INFO [main] (LuceneScorer.java:110) - tweetcountid:8081
2015-06-18  INFO [main] (LuceneScorer.java:110) - tweeturl:Cosplayer at E3  I can see why you like Wonder Woman you look a lot like the character  Me  gets on the floor and cries for a long time
2015-06-18  INFO [main] (LuceneScorer.java:110) - tweetcountid:8082
2015-06-18  INFO [main] (LuceneScorer.java:110) - tweeturl:How many followers do you get everyday  I got 1 in the last day  Growing daily with http   t co Q1rcbFK72u
2015-06-18  INFO [main] (LuceneScorer.java:110) - tweetcountid:8083
2015-06-18  INFO [main] (LuceneScorer.java:110) - tweeturl:RT  MadiMcCarty  Crossfit pays off         http   t co pHYCA7kbIm
2015-06-18  INFO [main] (LuceneScorer.java:110) - tweetcountid:8084
2015-06-18  INFO [main] (LuceneScorer.java:110) - tweeturl: Bglizzyy help me get to 1 000 followers     
2015-06-18  INFO [main] (LuceneScorer.java:110) - tweetcountid:8085
2015-06-18  INFO [main] (LuceneScorer.java:110) - tweeturl: Toon you read that very different from me  i read   uber innovation relies on not providing benefits  labor comm  says that s so 1900s
2015-06-18  INFO [main] (LuceneScorer.java:110) - tweetcountid:8086
2015-06-18  INFO [main] (LuceneScorer.java:110) - tweeturl:RT  F1  ON THIS DAY  Brabham engineers leave a poem for Niki Lauda on 17 June 1978 at the Swedish GP  Lauda won   F1 http   t co XrBXOfiuna
2015-06-18  INFO [main] (LuceneScorer.java:110) - tweetcountid:8087
2015-06-18  INFO [main] (LuceneScorer.java:110) - tweeturl:RT  talkchickens  Niggas don t be havin no people skills lol  https   t co Z88ZSOsWmt
2015-06-18  INFO [main] (LuceneScorer.java:110) - tweetcountid:8088
2015-06-18  INFO [main] (LuceneScorer.java:110) - tweeturl: YouKnowItsRamadanWhen TWEETS HAVE NO CHILL OMG                         
2015-06-18  INFO [main] (LuceneScorer.java:110) - tweetcountid:8089
2015-06-18  INFO [main] (LuceneScorer.java:110) - tweeturl: Follow You Down  by  Zedd feat Bright Lights is now jamming on  RadioDanz http   t co PjzzD8qKs7  np
2015-06-18  INFO [main] (LuceneScorer.java:110) - tweetcountid:8090
2015-06-18  INFO [main] (LuceneScorer.java:110) - tweeturl:RT  mandy brookeb  My bra from  VictoriasSecret ruined my brand new dress  I guess her secret is the oil pouches hidden inside   thanks htt 
2015-06-18  INFO [main] (LuceneScorer.java:110) - tweetcountid:8091
2015-06-18  INFO [main] (LuceneScorer.java:110) - tweeturl:RT  Louis Tomlinson   asklouis time    Ask away    x
2015-06-18  INFO [main] (LuceneScorer.java:110) - tweetcountid:8092
2015-06-18  INFO [main] (LuceneScorer.java:110) - tweeturl:Bonding                          http   t co cafDlnJYEb
2015-06-18  INFO [main] (LuceneScorer.java:110) - tweetcountid:8093
2015-06-18  INFO [main] (LuceneScorer.java:110) - tweeturl:Free online SEX   http   t co 1CuczALokF http   t co oKppQVVtsr
2015-06-18  INFO [main] (LuceneScorer.java:110) - tweetcountid:8094
2015-06-18  INFO [main] (LuceneScorer.java:110) - tweeturl:RT  65thakursahab  Bhakts be like waiting for the  ModiGate to blow over  http   t co aTY6WOKBYg
2015-06-18  INFO [main] (LuceneScorer.java:110) - tweetcountid:8095
2015-06-18  INFO [main] (LuceneScorer.java:110) - tweeturl:Come on England     FIFAWWC
2015-06-18  INFO [main] (LuceneScorer.java:110) - tweetcountid:8096
2015-06-18  INFO [main] (LuceneScorer.java:110) - tweeturl:Had an amazing birthday  Thanks everyone for my birthday wishes and presents              
2015-06-18  INFO [main] (LuceneScorer.java:110) - tweetcountid:8097
2015-06-18  INFO [main] (LuceneScorer.java:110) - tweeturl:narcissistic but fuck it im calling
2015-06-18  INFO [main] (LuceneScorer.java:110) - tweetcountid:8098
2015-06-18  INFO [main] (LuceneScorer.java:110) - tweeturl:RT  barrow judith  Lovely review for 1st of the trilogy  4   An accomplished d  but novel and an enjoyable read    http   t co WWKIYqbjd4 ht 
2015-06-18  INFO [main] (LuceneScorer.java:110) - tweetcountid:8099
2015-06-18  INFO [main] (LuceneScorer.java:110) - tweeturl:Waking up like https   t co vZIjlkpzlr
2015-06-18  INFO [main] (LuceneScorer.java:110) - tweetcountid:8100
2015-06-18  INFO [main] (LuceneScorer.java:110) - tweeturl:RT  4elementary  I forgot my book fair money     
2015-06-18  INFO [main] (LuceneScorer.java:110) - tweetcountid:8101
2015-06-18  INFO [main] (LuceneScorer.java:110) - tweeturl:Walking around downtown San Diego trying to find the perfect pair of shorts for this weekend
2015-06-18  INFO [main] (LuceneScorer.java:110) - tweetcountid:8102
2015-06-18  INFO [main] (LuceneScorer.java:110) - tweeturl:RT  gthot20  Congrats to  FifthHarmony on first  billboard Hot 100 top 15 hit  as  Worth It  jumps 18 15  http   t co sr9a86DPav
2015-06-18  INFO [main] (LuceneScorer.java:110) - tweetcountid:8103
2015-06-18  INFO [main] (LuceneScorer.java:110) - tweeturl: DivineTurbine he s into  CashShaming
2015-06-18  INFO [main] (LuceneScorer.java:110) - tweetcountid:8104
2015-06-18  INFO [main] (LuceneScorer.java:110) - tweeturl:undefined
2015-06-18  INFO [main] (LuceneScorer.java:110) - tweetcountid:8105
2015-06-18  INFO [main] (LuceneScorer.java:110) - tweeturl:Apexis Crystals farming guide http   t co HTp4UKTMvL  WorldofWarcraft http   t co XQ0QtzoyA6
2015-06-18  INFO [main] (LuceneScorer.java:110) - tweetcountid:8106
2015-06-18  INFO [main] (LuceneScorer.java:110) - tweeturl:RT  insanneha  If U want to more about   TheSuperHuman kindly visit   http   t co 5yH1pluS7E nd u will get the way to meet this personality
2015-06-18  INFO [main] (LuceneScorer.java:110) - tweetcountid:8107
2015-06-18  INFO [main] (LuceneScorer.java:110) - tweeturl:RT  JosephMRyan1  White Teen Killed By 3 Black Males After Locating Phone With Find App http   t co MDT1EXHgjl  Tcot   Rene gadeCowboy http 
2015-06-18  INFO [main] (LuceneScorer.java:110) - tweetcountid:8108
2015-06-18  INFO [main] (LuceneScorer.java:110) - tweeturl:RT  MenWeWant  Prepare for summer with these awesome vintage sunglasses       Fav if you would wear it  Only at http   t co 19j56fTLfd http    
2015-06-18  INFO [main] (LuceneScorer.java:110) - tweetcountid:8109
2015-06-18  INFO [main] (LuceneScorer.java:110) - tweeturl:RT  boyfriendsgifs  LOOK AT LOUIS WAVING HIS BOY OVER https   t co SY3aCGfH67
2015-06-18  INFO [main] (LuceneScorer.java:110) - tweetcountid:8110
2015-06-18  INFO [main] (LuceneScorer.java:110) - tweeturl: Trill FTL  karchie 22 I guess I m stupid then  He averages only like 2 less points  More assists and boards  and better fg    But Im stupid
2015-06-18  INFO [main] (LuceneScorer.java:110) - tweetcountid:8111
2015-06-18  INFO [main] (LuceneScorer.java:110) - tweeturl:RT  chandler fry  why isn t there a chick fil a in Belton  
2015-06-18  INFO [main] (LuceneScorer.java:110) - tweetcountid:8112
2015-06-18  INFO [main] (LuceneScorer.java:110) - tweeturl: ZoeyTaplin it fucking hurts
2015-06-18  INFO [main] (LuceneScorer.java:110) - tweetcountid:8113
2015-06-18  INFO [main] (LuceneScorer.java:110) - tweeturl: RmRmoreno1966  stripesstores hell yes brother   Few places have real flour tortillas  Thanks Stripes 
2015-06-18  INFO [main] (LuceneScorer.java:110) - tweetcountid:8114
2015-06-18  INFO [main] (LuceneScorer.java:110) - tweeturl:RT  ImPasky  If your pussy this good stay the fuck away from me   http   t co mfQ54GqlPd
2015-06-18  INFO [main] (LuceneScorer.java:110) - tweetcountid:8115
2015-06-18  INFO [main] (LuceneScorer.java:110) - tweeturl:RT  Funny Truth  Mosquito bite  Press a  hot  spoon onto the spot  The heat will destroy the protein that caused the reaction and the itchi 
2015-06-18  INFO [main] (LuceneScorer.java:110) - tweetcountid:8116
2015-06-18  INFO [main] (LuceneScorer.java:110) - tweeturl:RT  Louis Tomlinson  Best of luck to the  england under 21 s squad   Let s smash the Euros     U21EURO
2015-06-18  INFO [main] (LuceneScorer.java:110) - tweetcountid:8117
2015-06-18  INFO [main] (LuceneScorer.java:110) - tweeturl:Man thong flip flops  ICANT  GirlCode
2015-06-18  INFO [main] (LuceneScorer.java:110) - tweetcountid:8118
2015-06-18  INFO [main] (LuceneScorer.java:110) - tweeturl:can we just fast forward to saturday
2015-06-18  INFO [main] (LuceneScorer.java:110) - tweetcountid:8119
2015-06-18  INFO [main] (LuceneScorer.java:110) - tweeturl:RT  PlayWithThisToo  REDESIGNED BONEYARD UNVEILED THURSDAY NIGHT  http   t co PnCUEGxGAf
2015-06-18  INFO [main] (LuceneScorer.java:110) - tweetcountid:8120
2015-06-18  INFO [main] (LuceneScorer.java:110) - tweeturl:RT  ftbabygirl  you aint been perfect 
2015-06-18  INFO [main] (LuceneScorer.java:110) - tweetcountid:8121
2015-06-18  INFO [main] (LuceneScorer.java:110) - tweeturl:If I had one wish
2015-06-18  INFO [main] (LuceneScorer.java:110) - tweetcountid:8122
2015-06-18  INFO [main] (LuceneScorer.java:110) - tweeturl: Princesskaydee  thanks     
2015-06-18  INFO [main] (LuceneScorer.java:110) - tweetcountid:8123
2015-06-18  INFO [main] (LuceneScorer.java:110) - tweeturl:RT  NYGDaily  Odell s chrome visor          http   t co 3iyGkbnqsA
2015-06-18  INFO [main] (LuceneScorer.java:110) - tweetcountid:8124
2015-06-18  INFO [main] (LuceneScorer.java:110) - tweeturl:Von Gal Case Palletizer SPLX MKII w  Slip Sheet insert http   t co RELRKrl2Md http   t co NGTOVcgEST
2015-06-18  INFO [main] (LuceneScorer.java:110) - tweetcountid:8125
2015-06-18  INFO [main] (LuceneScorer.java:110) - tweeturl:RT  WarrenWhitlock  You have my permission to be awesome  but you don t need it  http   t co Bmu1Izcier
2015-06-18  INFO [main] (LuceneScorer.java:110) - tweetcountid:8126
2015-06-18  INFO [main] (LuceneScorer.java:110) - tweeturl:Federal websites swamped in  denial of service  attack  A number of Canadian government websites were crashed     http   t co Vz59HEf3U6
2015-06-18  INFO [main] (LuceneScorer.java:110) - tweetcountid:8127
2015-06-18  INFO [main] (LuceneScorer.java:110) - tweeturl:Apple iPad Mini 16GB in Black   3G  7 9  iOS Tablet    Free P P   Grade B   Full read by e  http   t co T6JbtUvGfG http   t co ljhnvgEovS
2015-06-18  INFO [main] (LuceneScorer.java:110) - tweetcountid:8128
2015-06-18  INFO [main] (LuceneScorer.java:110) - tweeturl:RT  anissamarieeee  Never thought this day would actually come honestly 
2015-06-18  INFO [main] (LuceneScorer.java:110) - tweetcountid:8129
2015-06-18  INFO [main] (LuceneScorer.java:110) - tweeturl:LMFAO OK PHYSICS JUST TAKE MY VIRGINITY
2015-06-18  INFO [main] (LuceneScorer.java:110) - tweetcountid:8130
2015-06-18  INFO [main] (LuceneScorer.java:110) - tweeturl:RT  BleacherReport  Kobe Bryant takes to Instagram to remind everyone how good he and Shaq were http   t co icR2jPBmsN http   t co lYs29wfw 
2015-06-18  INFO [main] (LuceneScorer.java:110) - tweetcountid:8131
2015-06-18  INFO [main] (LuceneScorer.java:110) - tweeturl:Like why is Ruby Rose so cute     
2015-06-18  INFO [main] (LuceneScorer.java:110) - tweetcountid:8132
2015-06-18  INFO [main] (LuceneScorer.java:110) - tweeturl:RT  AdamWaithe  melon boob is probably the funniest thing I ve said ngl HAHAHAHAHA
2015-06-18  INFO [main] (LuceneScorer.java:110) - tweetcountid:8133
2015-06-18  INFO [main] (LuceneScorer.java:110) - tweeturl:I ve collected 18 330 gold coins   http   t co KRQmCgyy84  ipad   ipadgames   gameinsight
2015-06-18  INFO [main] (LuceneScorer.java:110) - tweetcountid:8134
2015-06-18  INFO [main] (LuceneScorer.java:110) - tweeturl:RT  GamingInverse  Gamertag  Purxo Xbox 360 F A   OBJ or AR Slay   thatboyscufy  CoDAWScrims  Quickest Rts  Gamer RTweets  AeroRetweets  Sh 
2015-06-18  INFO [main] (LuceneScorer.java:110) - tweetcountid:8135
2015-06-18  INFO [main] (LuceneScorer.java:110) - tweeturl:Only 2 left     black top with star print I like the perforated sleeve  just adds something different     
2015-06-18  INFO [main] (LuceneScorer.java:110) - tweetcountid:8136
2015-06-18  INFO [main] (LuceneScorer.java:110) - tweeturl:RT  ZeldaUniverse  Check out our round up of box art  screenshots and official art for Tri Force  Heroes http   t co 0Xurp4edAE http   t co  
2015-06-18  INFO [main] (LuceneScorer.java:110) - tweetcountid:8137
2015-06-18  INFO [main] (LuceneScorer.java:110) - tweeturl:RT  DrivingRush  This girl at the concert was like  you remind me of Jesy from Little Mix  and everyone around me started agreeing         
2015-06-18  INFO [main] (LuceneScorer.java:110) - tweetcountid:8138
2015-06-18  INFO [main] (LuceneScorer.java:110) - tweeturl:in season 2 we barely got any alex and in season 3 we barely got any nicky I just  clenches fist 
2015-06-18  INFO [main] (LuceneScorer.java:110) - tweetcountid:8139
2015-06-18  INFO [main] (LuceneScorer.java:110) - tweeturl:RT  girlideas  incase u were having a bad day https   t co DtqZ4PI1kJ
2015-06-18  INFO [main] (LuceneScorer.java:110) - tweetcountid:8140
2015-06-18  INFO [main] (LuceneScorer.java:110) - tweeturl:Abbey Lee Kershaw Debuts a Magical Head of Pastel Hair http   t co sYpwL49ZvM
2015-06-18  INFO [main] (LuceneScorer.java:110) - tweetcountid:8141
2015-06-18  INFO [main] (LuceneScorer.java:110) - tweeturl: RohiniMik so hot sorry boys she s taken
2015-06-18  INFO [main] (LuceneScorer.java:110) - tweetcountid:8142
2015-06-18  INFO [main] (LuceneScorer.java:110) - tweeturl:RT  SexualGif  Klay and Steph could ve lost and still been winning http   t co gsCnusP0c2
